[04:16:13] [main/INFO]: Loading Minecraft 1.21.8 with Fabric Loader 0.16.14
[04:16:16] [main/WARN]: Warnings were found!
 - Mod 'Dynamic Lights' (dynamiclights) 1.8.8+bump+mod recommends any version of modmenu, which is missing!
	 - You should install any version of modmenu for the optimal experience.
 - Mod 'Dynamic Lights' (dynamiclights) 1.8.8+bump+mod recommends any version of modmenu-badges-lib, which is missing!
	 - You should install any version of modmenu-badges-lib for the optimal experience.
 - Mod 'Forge Config API Port' (forgeconfigapiport) 21.8.0 recommends any version of modmenu, which is missing!
	 - You should install any version of modmenu for the optimal experience.
[04:16:16] [main/INFO]: Loading 131 mods:
	- almanac 1.4.5
	- amber 6.0.12+1.21.8
	- antixray 1.4.10
	   \-- com_moandjiezana_toml_toml4j 0.7.2
	- architectury 17.0.8
	- balm 21.8.4
	   \-- kuma_api 21.8.2
	- cloth-config 19.0.147
	   \-- cloth-basic-math 0.6.1
	- clumps 26.0.0.1
	- cobweb 1.3.3
	- collective 8.4
	- dismountentity 3.6
	- dynamiclights 1.8.8+bump+mod
	- emotecraft 3.0.0-a.build.108
	   |-- bendable_cuboids 1.0.2+mc1.21.7
	   |-- net_raphimc_noteblocklib 3.1.0-SNAPSHOT
	   \-- player_animation_library 1.0.4+mc1.21.7
	        \-- org_javassist_javassist 3.30.2-GA
	- fabric-api 0.130.0+1.21.8
	   |-- fabric-api-base 0.4.64+9ec45cd82c
	   |-- fabric-api-lookup-api-v1 1.6.100+946bf4c32c
	   |-- fabric-biome-api-v1 16.0.11+946bf4c32c
	   |-- fabric-block-api-v1 1.1.3+946bf4c32c
	   |-- fabric-block-view-api-v2 1.0.31+946bf4c32c
	   |-- fabric-command-api-v2 2.3.0+52fff9ec2c
	   |-- fabric-content-registries-v0 10.0.18+946bf4c32c
	   |-- fabric-convention-tags-v1 2.1.40+7f945d5b2c
	   |-- fabric-convention-tags-v2 2.15.5+eb5df52f2c
	   |-- fabric-crash-report-info-v1 0.3.15+946bf4c32c
	   |-- fabric-data-attachment-api-v1 1.8.10+946bf4c32c
	   |-- fabric-data-generation-api-v1 23.2.5+9fc9c3b12c
	   |-- fabric-dimensions-v1 4.0.19+946bf4c32c
	   |-- fabric-entity-events-v1 2.1.1+c9e472732c
	   |-- fabric-events-interaction-v0 4.0.23+946bf4c32c
	   |-- fabric-game-rule-api-v1 1.0.73+c64c9c5b2c
	   |-- fabric-item-api-v1 11.4.3+946bf4c32c
	   |-- fabric-item-group-api-v1 4.2.13+946bf4c32c
	   |-- fabric-key-binding-api-v1 1.0.65+946bf4c32c
	   |-- fabric-lifecycle-events-v1 2.6.3+db4dfd852c
	   |-- fabric-loot-api-v2 3.0.55+3f89f5a52c
	   |-- fabric-loot-api-v3 2.0.2+946bf4c32c
	   |-- fabric-message-api-v1 6.1.1+946bf4c32c
	   |-- fabric-model-loading-api-v1 5.2.5+946bf4c32c
	   |-- fabric-networking-api-v1 5.0.1+946bf4c32c
	   |-- fabric-object-builder-api-v1 21.1.7+946bf4c32c
	   |-- fabric-particles-v1 4.1.7+946bf4c32c
	   |-- fabric-recipe-api-v1 8.1.14+946bf4c32c
	   |-- fabric-registry-sync-v0 6.1.27+946bf4c32c
	   |-- fabric-renderer-api-v1 7.0.2+946bf4c32c
	   |-- fabric-renderer-indigo 4.0.2+946bf4c32c
	   |-- fabric-rendering-fluids-v1 3.1.30+fa6cb72b2c
	   |-- fabric-rendering-v1 12.4.0+e8d43c762c
	   |-- fabric-resource-conditions-api-v1 5.0.24+946bf4c32c
	   |-- fabric-resource-loader-v0 3.1.11+946bf4c32c
	   |-- fabric-screen-api-v1 2.1.0+277ecf7d2c
	   |-- fabric-screen-handler-api-v1 1.3.136+946bf4c32c
	   |-- fabric-sound-api-v1 1.0.42+946bf4c32c
	   |-- fabric-tag-api-v1 1.2.1+946bf4c32c
	   |-- fabric-transfer-api-v1 6.0.5+946bf4c32c
	   \-- fabric-transitive-access-wideners-v1 6.4.1+ac3e15d12c
	- fabric-language-kotlin 1.13.4+kotlin.2.2.0
	   |-- org_jetbrains_kotlin_kotlin-reflect 2.2.0
	   |-- org_jetbrains_kotlin_kotlin-stdlib 2.2.0
	   |-- org_jetbrains_kotlin_kotlin-stdlib-jdk7 2.2.0
	   |-- org_jetbrains_kotlin_kotlin-stdlib-jdk8 2.2.0
	   |-- org_jetbrains_kotlinx_atomicfu-jvm 0.28.0
	   |-- org_jetbrains_kotlinx_kotlinx-coroutines-core-jvm 1.10.2
	   |-- org_jetbrains_kotlinx_kotlinx-coroutines-jdk8 1.10.2
	   |-- org_jetbrains_kotlinx_kotlinx-datetime-jvm 0.6.2
	   |-- org_jetbrains_kotlinx_kotlinx-io-bytestring-jvm 0.7.0
	   |-- org_jetbrains_kotlinx_kotlinx-io-core-jvm 0.7.0
	   |-- org_jetbrains_kotlinx_kotlinx-serialization-cbor-jvm 1.8.1
	   |-- org_jetbrains_kotlinx_kotlinx-serialization-core-jvm 1.8.1
	   \-- org_jetbrains_kotlinx_kotlinx-serialization-json-jvm 1.8.1
	- fabricloader 0.16.14
	   \-- mixinextras 0.4.1
	- ferritecore 8.0.0
	- forgeconfigapiport 21.8.0
	   |-- com_electronwill_night-config_core 3.8.2
	   \-- com_electronwill_night-config_toml 3.8.2
	- fzzy_config 0.7.1+1.21.6
	   |-- blue_endless_jankson 1.2.3
	   \-- net_peanuuutz_tomlkt_tomlkt-jvm 0.3.7
	- hardcorerevival 21.8.2
	- harvest_with_ease 9.4.0
	- heartymeals 1.21.6-r1
	   \-- midnightlib 1.7.5
	- java 21
	- krypton 0.2.9
	   \-- com_velocitypowered_velocity-native 3.4.0-SNAPSHOT
	- letmedespawn 1.5.1
	- lithium 0.18.0+mc1.21.8
	- luckperms 5.5.10
	   \-- fabric-permissions-api-v0 0.4.1
	- minecraft 1.21.8
	- mobfilter 0.18.0+1.21.7
	- mr_blooming_biosphere 1.1.11
	- mss 1.3.6-1.21.8-fabric
	- mvs 4.4.6-1.21.8-fabric
	- netherportalfix 21.8.1
	- polymer-bundled 0.13.8+1.21.8
	   |-- polymer-autohost 0.13.8+1.21.8
	   |    \-- io_netty_netty-codec-http 4.1.82
	   |-- polymer-blocks 0.13.8+1.21.8
	   |-- polymer-common 0.13.8+1.21.8
	   |    \-- packet_tweaker 0.6.0-pre.1+1.21.2-pre3
	   |-- polymer-core 0.13.8+1.21.8
	   |    |-- polymer-networking 0.13.8+1.21.8
	   |    |    \-- polymer-common 0.13.8+1.21.8
	   |    |         \-- packet_tweaker 0.6.0-pre.1+1.21.2-pre3
	   |    \-- polymer-registry-sync-manipulator 0.13.8+1.21.8
	   |-- polymer-resource-pack 0.13.8+1.21.8
	   |    \-- polymer-common 0.13.8+1.21.8
	   |         \-- packet_tweaker 0.6.0-pre.1+1.21.2-pre3
	   |-- polymer-resource-pack-extras 0.13.8+1.21.8
	   |-- polymer-sound-patcher 0.13.8+1.21.8
	   \-- polymer-virtual-entity 0.13.8+1.21.8
	        \-- polymer-common 0.13.8+1.21.8
	             \-- packet_tweaker 0.6.0-pre.1+1.21.2-pre3
	- puzzleslib 21.8.3
	- quickrightclick 1.7
	- roughlyenoughitems 20.0.810
	   \-- error_notifier 1.0.11
	- silk-all 1.11.2
	   |-- silk-commands 1.11.2
	   |-- silk-core 1.11.2
	   |-- silk-game 1.11.2
	   |-- silk-igui 1.11.2
	   |-- silk-nbt 1.11.2
	   |-- silk-network 1.11.2
	   \-- silk-persistence 1.11.2
	- staaaaaaaaaaaack 1.21.7-1.7
	   \-- fiber 0.23.0-2
	- strawberrylib 1.21.7-r4
	   |-- cardinal-components-base 7.0.0-beta.1
	   |-- cardinal-components-entity 7.0.0-beta.1
	   \-- datasync_minecraft 0.10.0
	- subtle_effects 1.11.1
	- torchtoss 2.2.0+1.21.7
	- treeharvester 9.2
	- veinminer 2.4.8
	   \-- de_miraculixx_core_dev 2.4.8
	- waystones 21.8.1
	- yyzsbackpack 0.0.24
[04:16:17] [main/INFO]: SpongePowered MIXIN Subsystem Version=0.8.7 Source=file:/workspaces/alzarfata-moderna/servidor_minecraft/libraries/net/fabricmc/sponge-mixin/0.15.5+mixin.0.8.7/sponge-mixin-0.15.5+mixin.0.8.7.jar Service=Knot/Fabric Env=SERVER
[04:16:17] [main/INFO]: Compatibility level set to JAVA_21
[04:16:18] [main/WARN]: Reference map 'forgeconfigapiport.common.refmap.json' for forgeconfigapiport.common.mixins.json could not be read. If this is a development environment you can ignore this message
[04:16:18] [main/WARN]: Reference map 'harvest_with_ease.refmap.json' for harvest_with_ease.mixins.json could not be read. If this is a development environment you can ignore this message
[04:16:18] [main/WARN]: Reference map 'harvest_with_ease.refmap.json' for harvest_with_ease.fabric.mixins.json could not be read. If this is a development environment you can ignore this message
[04:16:18] [main/WARN]: Mod 'ferritecore' attempted to override option 'mixin.alloc.blockstate', which doesn't exist, ignoring
[04:16:18] [main/INFO]: Loaded configuration file for Lithium: 160 options available, 0 override(s) found.
[04:16:20] [main/INFO]: Initializing MixinExtras via com.llamalad7.mixinextras.service.MixinExtrasServiceImpl(version=0.4.1).
[04:16:22] [main/WARN]: @Redirect conflict. Skipping collective_fabric.mixins.json:ItemEntityMixin from mod collective->@Redirect::playerTouch(Lnet/minecraft/class_1661;Lnet/minecraft/class_1799;)Z with priority 1001, already redirected by yyzsbackpack.fabric.mixins.json:compat.collective.ItemEntityMixin from mod yyzsbackpack->@Redirect::modifyFindSlotMatchingItem(Lnet/minecraft/class_1661;Lnet/minecraft/class_1799;)Z with priority 1002
[04:16:28] [main/INFO]: Initializing Everlasting Amber Dreams on Fabric...
[04:16:28] [main/INFO]: Amber internal networking initialized
[04:16:28] [main/INFO]: Successfully initialized antixray for fabric
[04:16:28] [main/INFO]: Loading Collective version 8.4.
[04:16:29] [main/INFO]: [Dynamic Lights] MidnightLib detected!
[04:16:29] [main/INFO]: [Dynamic Lights] Registering server started event ...
[04:16:29] [main/INFO]: [Dynamic Lights] Loaded Dynamic Lights by Tschipcraft successfully!
[04:16:30] [main/INFO]: Compression will use libdeflate (Linux x86_64), encryption will use OpenSSL 3.x.x (Linux x86_64)
[04:16:31] [main/INFO]: Constructing components for puzzleslib:common
[04:16:31] [main/INFO]: Registering C2S receiver with id roughlyenoughitems:request_tags_c2s
[04:16:31] [main/INFO]: [REI] Registered plugin provider DefaultPlugin [roughlyenoughitems] for REICommonPlugin
[04:16:31] [main/INFO]: [REI] Registered plugin provider DefaultRuntimePlugin [roughlyenoughitems] for REICommonPlugin
[04:16:31] [main/INFO]: [REI] Registered plugin provider FabricFluidAPISupportPlugin for REICommonPlugin
[04:16:31] [main/INFO]: Registering C2S receiver with id roughlyenoughitems:delete_item
[04:16:31] [main/INFO]: Registering C2S receiver with id roughlyenoughitems:create_item
[04:16:31] [main/INFO]: Registering C2S receiver with id roughlyenoughitems:create_item_grab
[04:16:31] [main/INFO]: Registering C2S receiver with id roughlyenoughitems:create_item_hotbar
[04:16:31] [main/INFO]: Registering C2S receiver with id roughlyenoughitems:move_items_new
[04:16:31] [main/INFO]: Initializing Silk
[04:16:31] [main/INFO]: TorchToss initializing...
[04:16:31] [main/INFO]: Veinminer Version: 2.4.8 (fabric)
[04:16:31] [DefaultDispatcher-worker-3/INFO]: [STDOUT]: [VeinminerUpdater] veinminer is up to date
[04:16:31] [main/INFO]: Krypton is now accelerating your Minecraft server's networking stack 🚀
[04:16:32] [main/INFO]: Loading configuration...
[04:16:32] [main/INFO]: Environment: Environment[sessionHost=https://sessionserver.mojang.com, servicesHost=https://api.minecraftservices.com, name=PROD]
[04:16:33] [main/WARN]: Pack file/Ender-Dragon-Fight-Remastered-5.0.zip declared support for versions [32, 48] but declared main format is 81, defaulting to 81
[04:16:33] [main/INFO]: Found new data pack file/Structory_1.21_v1.3.11.zip, loading it automatically
[04:16:33] [main/INFO]: Found new data pack file/Structory_Towers_1.21_v1.0.13.zip, loading it automatically
[04:16:33] [main/INFO]: Found new data pack file/hopobetterunderwaterruins-1-21-6-1-2-4.zip, loading it automatically
[04:16:34] [main/ERROR]: Invalid path in mod resource-pack mr_blooming_biosphere: blooming_biosphere:worldgen/configured_feature/cliff/beach copy.json, ignoring
[04:16:37] [Worker-Main-3/INFO]: Registering Amber commands for Fabric
[04:16:38] [main/INFO]: Loaded 1472 recipes
[04:16:38] [main/ERROR]: Couldn't load advancements: [catenary:recipes/paper_lanterns, catenary:rocket/placed, eroxified2:custom_block/data/block/catenary/workbench/placed, eroxified2:custom_block/data/block/catenary/zipline_mount_pad/placed, catenary:recipes/workbench, eroxified2:custom_block/data/block/catenary/workbench/on_default_block_use, catenary:recipes/zipline_lift_upgrade, eroxified2:interaction/internal/rclick, eroxified2:interaction/internal/lclick, catenary:recipes/zipline_mount_pad]
[04:16:38] [main/INFO]: Loaded 1716 advancements
[04:16:38] [main/INFO]: Applied 77 biome modifications to 74 of 83 new biomes in 7.332 ms
[04:16:38] [Server thread/INFO]: Initialized mcCoroutineScope (MinecraftServer as executor)
[04:16:38] [Server thread/INFO]: [MobFilter] Loading config from /workspaces/alzarfata-moderna/servidor_minecraft/config/mobfilter.json5
[04:16:38] [Server thread/ERROR]: Catching
java.lang.RuntimeException: Unexpected configuration names at: line 26 column 26 path $.rules[1].when.isHostile
	at knot/net.pcal.mobfilter.MFConfig$1TypoCatchingJsonReader.skipValue(MFConfig.java:47) ~[mobfilter-0.18.0+1.21.7.jar:?]
	at knot/com.google.gson.internal.bind.ReflectiveTypeAdapterFactory$Adapter.read(ReflectiveTypeAdapterFactory.java:514) ~[gson-2.11.0.jar:?]
	at knot/com.google.gson.internal.bind.ReflectiveTypeAdapterFactory$2.readIntoField(ReflectiveTypeAdapterFactory.java:267) ~[gson-2.11.0.jar:?]
	at knot/com.google.gson.internal.bind.ReflectiveTypeAdapterFactory$FieldReflectionAdapter.readField(ReflectiveTypeAdapterFactory.java:558) ~[gson-2.11.0.jar:?]
	at knot/com.google.gson.internal.bind.ReflectiveTypeAdapterFactory$Adapter.read(ReflectiveTypeAdapterFactory.java:516) ~[gson-2.11.0.jar:?]
	at knot/com.google.gson.internal.bind.TypeAdapterRuntimeTypeWrapper.read(TypeAdapterRuntimeTypeWrapper.java:40) ~[gson-2.11.0.jar:?]
	at knot/com.google.gson.internal.bind.ArrayTypeAdapter.read(ArrayTypeAdapter.java:76) ~[gson-2.11.0.jar:?]
	at knot/com.google.gson.internal.bind.ReflectiveTypeAdapterFactory$2.readIntoField(ReflectiveTypeAdapterFactory.java:267) ~[gson-2.11.0.jar:?]
	at knot/com.google.gson.internal.bind.ReflectiveTypeAdapterFactory$FieldReflectionAdapter.readField(ReflectiveTypeAdapterFactory.java:558) ~[gson-2.11.0.jar:?]
	at knot/com.google.gson.internal.bind.ReflectiveTypeAdapterFactory$Adapter.read(ReflectiveTypeAdapterFactory.java:516) ~[gson-2.11.0.jar:?]
	at knot/com.google.gson.Gson.fromJson(Gson.java:1361) ~[gson-2.11.0.jar:?]
	at knot/net.pcal.mobfilter.MFConfig.loadFromJson(MFConfig.java:62) ~[mobfilter-0.18.0+1.21.7.jar:?]
	at knot/net.pcal.mobfilter.MFService.loadConfig(MFService.java:157) ~[mobfilter-0.18.0+1.21.7.jar:?]
	at knot/net.pcal.mobfilter.MFInitializer.lambda$onInitialize$0(MFInitializer.java:19) ~[mobfilter-0.18.0+1.21.7.jar:?]
	at knot/net.fabricmc.fabric.api.event.lifecycle.v1.ServerLifecycleEvents.lambda$static$0(ServerLifecycleEvents.java:38) ~[fabric-lifecycle-events-v1-2.6.3+db4dfd852c-a7fed6cf3000b5f0.jar:?]
	at knot/net.minecraft.server.MinecraftServer.handler$zlo000$fabric-lifecycle-events-v1$beforeSetupServer(MinecraftServer.java:3197) ~[server-intermediary.jar:?]
	at knot/net.minecraft.server.MinecraftServer.method_29741(MinecraftServer.java:672) ~[server-intermediary.jar:?]
	at knot/net.minecraft.server.MinecraftServer.method_29739(MinecraftServer.java:291) ~[server-intermediary.jar:?]
	at java.base/java.lang.Thread.run(Thread.java:1583) [?:?]
[04:16:38] [Server thread/ERROR]: [MobFilter] Failed to load configuration
[04:16:38] [Server thread/INFO]:         __    
[04:16:38] [Server thread/INFO]:   |    |__)   LuckPerms v5.5.10
[04:16:38] [Server thread/INFO]:   |___ |      Running on Fabric - fabric@0.130.0+1.21.8
[04:16:38] [Server thread/INFO]: 
[04:16:38] [Server thread/INFO]: Loading storage provider... [H2]
[04:16:39] [Server thread/INFO]: Loading internal permission managers...
[04:16:39] [Server thread/INFO]: Performing initial data load...
[04:16:39] [Server thread/INFO]: Successfully enabled. (took 733ms)
[04:16:39] [Server thread/INFO]: Starting minecraft server version 1.21.8
[04:16:39] [Server thread/INFO]: Loading properties
[04:16:39] [Server thread/INFO]: Default game type: SURVIVAL
[04:16:39] [Server thread/INFO]: Generating keypair
[04:16:39] [Server thread/INFO]: Starting Minecraft server on *:25565
[04:16:39] [Server thread/INFO]: Using epoll channel type
[04:16:39] [Server thread/WARN]: **** SERVER IS RUNNING IN OFFLINE/INSECURE MODE!
[04:16:39] [Server thread/WARN]: The server will make no attempt to authenticate usernames. Beware.
[04:16:39] [Server thread/WARN]: While this makes the game possible to play without internet access, it also opens up the ability for hackers to connect with any username they choose.
[04:16:39] [Server thread/WARN]: To change this, set "online-mode" to "true" in the server.properties file.
[04:16:39] [Server thread/INFO]: Preparing level "world"
[04:16:40] [Server thread/INFO]: Preparing start region for dimension minecraft:overworld
[04:16:48] [Worker-Main-1/INFO]: Preparing spawn area: 0%
[04:16:48] [Worker-Main-1/INFO]: Preparing spawn area: 0%
[04:16:48] [Worker-Main-1/INFO]: Preparing spawn area: 0%
[04:16:48] [Worker-Main-1/INFO]: Preparing spawn area: 0%
[04:16:48] [Worker-Main-1/INFO]: Preparing spawn area: 0%
[04:16:48] [Worker-Main-1/INFO]: Preparing spawn area: 0%
[04:16:48] [Worker-Main-1/INFO]: Preparing spawn area: 0%
[04:16:48] [Worker-Main-1/INFO]: Preparing spawn area: 0%
[04:16:48] [Worker-Main-1/INFO]: Preparing spawn area: 0%
[04:16:48] [Worker-Main-1/INFO]: Preparing spawn area: 0%
[04:16:48] [Worker-Main-1/INFO]: Preparing spawn area: 0%
[04:16:48] [Worker-Main-1/INFO]: Preparing spawn area: 0%
[04:16:48] [Worker-Main-1/INFO]: Preparing spawn area: 0%
[04:16:48] [Worker-Main-1/INFO]: Preparing spawn area: 0%
[04:16:48] [Worker-Main-1/INFO]: Preparing spawn area: 0%
[04:16:48] [Worker-Main-1/INFO]: Preparing spawn area: 0%
[04:16:48] [Worker-Main-1/INFO]: Preparing spawn area: 0%
[04:16:49] [Server thread/INFO]: Time elapsed: 8586 ms
[04:16:49] [Server thread/INFO]: Done (9.463s)! For help, type "help"
[04:16:49] [Server thread/INFO]: [REI] @@@@@@@@@@@@@@@@@@@@@@@@@@@@@@@@@@@@@@@@
[04:16:49] [Server thread/INFO]: [REI] REICommonPlugin starting main-reload for START.
[04:16:49] [Server thread/INFO]: [REI] Plugins (3):
[04:16:49] [Server thread/INFO]: [REI]  - (-100.00) DefaultPlugin of DefaultPlugin [roughlyenoughitems]
[04:16:49] [Server thread/INFO]: [REI]  - (0.00) FabricFluidAPISupportPlugin
[04:16:49] [Server thread/INFO]: [REI]  - (0.00) DefaultRuntimePlugin of DefaultRuntimePlugin [roughlyenoughitems]
[04:16:49] [Server thread/INFO]: [REI] @@@@@@@@@@@@@@@@@@@@@@@@@@@@@@@@@@@@@@@@
[04:16:49] [Server thread/INFO]: [REI] REICommonPlugin finished post-reload for START in 2.389 ms, totaling 152.1 ms.
[04:16:49] [Server thread/INFO]: [REI] ========================================
[04:16:49] [Server thread/INFO]: [REI] REICommonPlugin starting main-reload for END.
[04:16:49] [Server thread/INFO]: [REI] Plugins (3):
[04:16:49] [Server thread/INFO]: [REI]  - (-100.00) DefaultPlugin of DefaultPlugin [roughlyenoughitems]
[04:16:49] [Server thread/INFO]: [REI]  - (0.00) FabricFluidAPISupportPlugin
[04:16:49] [Server thread/INFO]: [REI]  - (0.00) DefaultRuntimePlugin of DefaultRuntimePlugin [roughlyenoughitems]
[04:16:49] [Server thread/INFO]: [REI] ========================================
[04:16:49] [Server thread/INFO]: [REI] REICommonPlugin finished post-reload for END in 816.4 μs, totaling 71.81 ms.
[04:16:49] [Server thread/INFO]: [Dynamic Lights] Sending global config to world ...
[04:17:09] [Server thread/WARN]: Ignored advancement 'graves:tick' in progress file ./world/advancements/399ef1dd-83b0-3999-93fe-1d9622e5d6d5.json - it doesn't exist anymore?
[04:17:10] [Server thread/INFO]: SaidKiller__[/100.99.253.91:52471] logged in with entity id 53 at (-1775.6649905674126, 130.0, -1586.5437980612166)
[04:17:10] [Server thread/INFO]: SaidKiller__ joined the game
[04:17:10] [ForkJoinPool.commonPool-worker-3/INFO]: Loaded 1 player data objects (took 0s 393ms)
[04:19:08] [Server thread/WARN]: Ignored advancement 'graves:tick' in progress file ./world/advancements/4dfe71dd-f509-3ba7-9831-8815301bc3e6.json - it doesn't exist anymore?
[04:19:08] [Server thread/INFO]: klyo[/100.114.68.51:56173] logged in with entity id 397 at (-381.30000001192093, 18.0, -1726.699999988079)
[04:19:08] [Server thread/INFO]: klyo joined the game
[04:19:09] [ForkJoinPool.commonPool-worker-1/INFO]: Loaded 1 player data objects (took 0s 334ms)
[04:19:09] [Server thread/INFO]: klyo lost connection: Disconnected
[04:19:09] [Server thread/INFO]: klyo left the game
[04:19:15] [Server thread/INFO]: klyo[/100.114.68.51:56177] logged in with entity id 486 at (-381.30000001192093, 18.0, -1726.699999988079)
[04:19:15] [Server thread/INFO]: Loaded 1 player data objects (took 0s 0ms)
[04:19:15] [Server thread/INFO]: klyo joined the game
[04:19:15] [Server thread/INFO]: klyo lost connection: Disconnected
[04:19:15] [Server thread/INFO]: klyo left the game
[04:19:20] [Server thread/INFO]: klyo[/100.114.68.51:56178] logged in with entity id 593 at (-381.30000001192093, 18.0, -1726.699999988079)
[04:19:20] [Server thread/INFO]: Loaded 1 player data objects (took 0s 0ms)
[04:19:20] [Server thread/INFO]: klyo joined the game
[04:19:21] [Server thread/INFO]: klyo lost connection: Disconnected
[04:19:21] [Server thread/INFO]: klyo left the game
[04:20:02] [Server thread/INFO]: klyo[/100.114.68.51:56213] logged in with entity id 962 at (-381.30000001192093, 18.0, -1726.699999988079)
[04:20:02] [Server thread/INFO]: Loaded 1 player data objects (took 0s 0ms)
[04:20:02] [Server thread/INFO]: klyo joined the game
[04:20:05] [Server thread/INFO]: klyo lost connection: Disconnected
[04:20:05] [Server thread/INFO]: klyo left the game
[04:20:54] [Server thread/INFO]: klyo[/100.114.68.51:56517] logged in with entity id 1298 at (-381.30000001192093, 18.0, -1726.699999988079)
[04:20:54] [Server thread/INFO]: Loaded 1 player data objects (took 0s 0ms)
[04:20:54] [Server thread/INFO]: klyo joined the game
[04:20:56] [Server thread/INFO]: klyo lost connection: Disconnected
[04:20:56] [Server thread/INFO]: klyo left the game
[04:21:17] [Server thread/INFO]: klyo[/100.114.68.51:56527] logged in with entity id 1493 at (-381.30000001192093, 18.0, -1726.699999988079)
[04:21:17] [Server thread/INFO]: Loaded 1 player data objects (took 0s 0ms)
[04:21:17] [Server thread/INFO]: klyo joined the game
[04:21:18] [Server thread/INFO]: klyo lost connection: Disconnected
[04:21:18] [Server thread/INFO]: klyo left the game
[04:22:31] [Server thread/INFO]: klyo[/100.114.68.51:56565] logged in with entity id 1741 at (-381.30000001192093, 18.0, -1726.699999988079)
[04:22:31] [Server thread/INFO]: Loaded 1 player data objects (took 0s 0ms)
[04:22:31] [Server thread/INFO]: klyo joined the game
[04:22:31] [Server thread/INFO]: klyo lost connection: Disconnected
[04:22:31] [Server thread/INFO]: klyo left the game
[04:25:15] [Server thread/INFO]: klyo[/100.114.68.51:56647] logged in with entity id 2066 at (-381.30000001192093, 18.0, -1726.699999988079)
[04:25:15] [Server thread/INFO]: Loaded 1 player data objects (took 0s 0ms)
[04:25:15] [Server thread/INFO]: klyo joined the game
[04:25:17] [Server thread/INFO]: klyo lost connection: Disconnected
[04:25:17] [Server thread/INFO]: klyo left the game
