[04:16:31] [main/INFO] ========================================
[04:16:31] [main/INFO] Minecraft: 1.21.8
[04:16:31] [main/INFO] Side: server
[04:16:31] [main/INFO] Development: false
[04:16:31] [main/INFO] Version: 20.0.810
[04:16:31] [main/INFO] Loader:
[04:16:31] [main/INFO] - Fabric: 0.16.14
[04:16:31] [main/INFO] - Fabric API: 0.130.0+1.21.8
[04:16:31] [main/INFO] Dependencies:
[04:16:31] [main/INFO] - Cloth Config: 19.0.147
[04:16:31] [main/INFO] - Architectury: 17.0.8
[04:16:31] [main/INFO] Mixin: 0.8.7
[04:16:31] [main/INFO] OS: Linux 6.8.0-1030-azure (amd64)
[04:16:31] [main/INFO] Java: 21.0.8 (Ubuntu)
[04:16:31] [main/INFO] ========================================
[04:16:31] [main/INFO] Mods:
[04:16:31] [main/INFO] - almanac: 1.4.5
[04:16:31] [main/INFO] - amber: 6.0.12+1.21.8
[04:16:31] [main/INFO] - antixray: 1.4.10
[04:16:31] [main/INFO] - architectury: 17.0.8
[04:16:31] [main/INFO] - balm: 21.8.4
[04:16:31] [main/INFO] - blue_endless_jankson: 1.2.3
[04:16:31] [main/INFO] - cardinal-components-base: 7.0.0-beta.1
[04:16:31] [main/INFO] - cardinal-components-entity: 7.0.0-beta.1
[04:16:31] [main/INFO] - cloth-basic-math: 0.6.1
[04:16:31] [main/INFO] - cloth-config: 19.0.147
[04:16:31] [main/INFO] - cloth-config: 19.0.147
[04:16:31] [main/INFO] - clumps: 26.0.0.1
[04:16:31] [main/INFO] - cobweb: 1.3.3
[04:16:31] [main/INFO] - collective: 8.4
[04:16:31] [main/INFO] - com_electronwill_night-config_core: 3.8.2
[04:16:31] [main/INFO] - com_electronwill_night-config_toml: 3.8.2
[04:16:31] [main/INFO] - com_moandjiezana_toml_toml4j: 0.7.2
[04:16:31] [main/INFO] - com_velocitypowered_velocity-native: 3.4.0-SNAPSHOT
[04:16:31] [main/INFO] - datasync_minecraft: 0.10.0
[04:16:31] [main/INFO] - de_miraculixx_core_dev: 2.4.8
[04:16:31] [main/INFO] - dismountentity: 3.6
[04:16:31] [main/INFO] - dynamiclights: 1.8.8+bump+mod
[04:16:31] [main/INFO] - emotecraft: 3.0.0-a.build.108
[04:16:31] [main/INFO] - error_notifier: 1.0.11
[04:16:31] [main/INFO] - fabric-api: 0.130.0+1.21.8
[04:16:31] [main/INFO] - fabric-api: 0.130.0+1.21.8
[04:16:31] [main/INFO] - fabric-api-base: 0.4.64+9ec45cd82c
[04:16:31] [main/INFO] - fabric-api-lookup-api-v1: 1.6.100+946bf4c32c
[04:16:31] [main/INFO] - fabric-biome-api-v1: 16.0.11+946bf4c32c
[04:16:31] [main/INFO] - fabric-block-api-v1: 1.1.3+946bf4c32c
[04:16:31] [main/INFO] - fabric-block-view-api-v2: 1.0.31+946bf4c32c
[04:16:31] [main/INFO] - fabric-command-api-v2: 2.3.0+52fff9ec2c
[04:16:31] [main/INFO] - fabric-content-registries-v0: 10.0.18+946bf4c32c
[04:16:31] [main/INFO] - fabric-convention-tags-v1: 2.1.40+7f945d5b2c
[04:16:31] [main/INFO] - fabric-convention-tags-v2: 2.15.5+eb5df52f2c
[04:16:31] [main/INFO] - fabric-crash-report-info-v1: 0.3.15+946bf4c32c
[04:16:31] [main/INFO] - fabric-data-attachment-api-v1: 1.8.10+946bf4c32c
[04:16:31] [main/INFO] - fabric-data-generation-api-v1: 23.2.5+9fc9c3b12c
[04:16:31] [main/INFO] - fabric-dimensions-v1: 4.0.19+946bf4c32c
[04:16:31] [main/INFO] - fabric-entity-events-v1: 2.1.1+c9e472732c
[04:16:31] [main/INFO] - fabric-events-interaction-v0: 4.0.23+946bf4c32c
[04:16:31] [main/INFO] - fabric-game-rule-api-v1: 1.0.73+c64c9c5b2c
[04:16:31] [main/INFO] - fabric-item-api-v1: 11.4.3+946bf4c32c
[04:16:31] [main/INFO] - fabric-item-group-api-v1: 4.2.13+946bf4c32c
[04:16:31] [main/INFO] - fabric-language-kotlin: 1.13.4+kotlin.2.2.0
[04:16:31] [main/INFO] - fabric-lifecycle-events-v1: 2.6.3+db4dfd852c
[04:16:31] [main/INFO] - fabric-loot-api-v2: 3.0.55+3f89f5a52c
[04:16:31] [main/INFO] - fabric-loot-api-v3: 2.0.2+946bf4c32c
[04:16:31] [main/INFO] - fabric-message-api-v1: 6.1.1+946bf4c32c
[04:16:31] [main/INFO] - fabric-networking-api-v1: 5.0.1+946bf4c32c
[04:16:31] [main/INFO] - fabric-object-builder-api-v1: 21.1.7+946bf4c32c
[04:16:31] [main/INFO] - fabric-particles-v1: 4.1.7+946bf4c32c
[04:16:31] [main/INFO] - fabric-permissions-api-v0: 0.4.1
[04:16:31] [main/INFO] - fabric-recipe-api-v1: 8.1.14+946bf4c32c
[04:16:31] [main/INFO] - fabric-registry-sync-v0: 6.1.27+946bf4c32c
[04:16:31] [main/INFO] - fabric-rendering-fluids-v1: 3.1.30+fa6cb72b2c
[04:16:31] [main/INFO] - fabric-resource-conditions-api-v1: 5.0.24+946bf4c32c
[04:16:31] [main/INFO] - fabric-resource-loader-v0: 3.1.11+946bf4c32c
[04:16:31] [main/INFO] - fabric-screen-handler-api-v1: 1.3.136+946bf4c32c
[04:16:31] [main/INFO] - fabric-tag-api-v1: 1.2.1+946bf4c32c
[04:16:31] [main/INFO] - fabric-transfer-api-v1: 6.0.5+946bf4c32c
[04:16:31] [main/INFO] - fabric-transitive-access-wideners-v1: 6.4.1+ac3e15d12c
[04:16:31] [main/INFO] - fabricloader: 0.16.14
[04:16:31] [main/INFO] - ferritecore: 8.0.0
[04:16:31] [main/INFO] - fiber: 0.23.0-2
[04:16:31] [main/INFO] - forgeconfigapiport: 21.8.0
[04:16:31] [main/INFO] - fzzy_config: 0.7.1+1.21.6
[04:16:31] [main/INFO] - hardcorerevival: 21.8.2
[04:16:31] [main/INFO] - harvest_with_ease: 9.4.0
[04:16:31] [main/INFO] - heartymeals: 1.21.6-r1
[04:16:31] [main/INFO] - io_netty_netty-codec-http: 4.1.82
[04:16:31] [main/INFO] - java: 21
[04:16:31] [main/INFO] - krypton: 0.2.9
[04:16:31] [main/INFO] - kuma_api: 21.8.2
[04:16:31] [main/INFO] - letmedespawn: 1.5.1
[04:16:31] [main/INFO] - lithium: 0.18.0+mc1.21.8
[04:16:31] [main/INFO] - luckperms: 5.5.10
[04:16:31] [main/INFO] - midnightlib: 1.7.5
[04:16:31] [main/INFO] - minecraft: 1.21.8
[04:16:31] [main/INFO] - mixinextras: 0.4.1
[04:16:31] [main/INFO] - mobfilter: 0.18.0+1.21.7
[04:16:31] [main/INFO] - mr_blooming_biosphere: 1.1.11
[04:16:31] [main/INFO] - mss: 1.3.6-1.21.8-fabric
[04:16:31] [main/INFO] - mvs: 4.4.6-1.21.8-fabric
[04:16:31] [main/INFO] - net_peanuuutz_tomlkt_tomlkt-jvm: 0.3.7
[04:16:31] [main/INFO] - net_raphimc_noteblocklib: 3.1.0-SNAPSHOT
[04:16:31] [main/INFO] - netherportalfix: 21.8.1
[04:16:31] [main/INFO] - org_javassist_javassist: 3.30.2-GA
[04:16:31] [main/INFO] - org_jetbrains_kotlin_kotlin-reflect: 2.2.0
[04:16:31] [main/INFO] - org_jetbrains_kotlin_kotlin-stdlib: 2.2.0
[04:16:31] [main/INFO] - org_jetbrains_kotlin_kotlin-stdlib-jdk7: 2.2.0
[04:16:31] [main/INFO] - org_jetbrains_kotlin_kotlin-stdlib-jdk8: 2.2.0
[04:16:31] [main/INFO] - org_jetbrains_kotlinx_atomicfu-jvm: 0.28.0
[04:16:31] [main/INFO] - org_jetbrains_kotlinx_kotlinx-coroutines-core-jvm: 1.10.2
[04:16:31] [main/INFO] - org_jetbrains_kotlinx_kotlinx-coroutines-jdk8: 1.10.2
[04:16:31] [main/INFO] - org_jetbrains_kotlinx_kotlinx-datetime-jvm: 0.6.2
[04:16:31] [main/INFO] - org_jetbrains_kotlinx_kotlinx-io-bytestring-jvm: 0.7.0
[04:16:31] [main/INFO] - org_jetbrains_kotlinx_kotlinx-io-core-jvm: 0.7.0
[04:16:31] [main/INFO] - org_jetbrains_kotlinx_kotlinx-serialization-cbor-jvm: 1.8.1
[04:16:31] [main/INFO] - org_jetbrains_kotlinx_kotlinx-serialization-core-jvm: 1.8.1
[04:16:31] [main/INFO] - org_jetbrains_kotlinx_kotlinx-serialization-json-jvm: 1.8.1
[04:16:31] [main/INFO] - packet_tweaker: 0.6.0-pre.1+1.21.2-pre3
[04:16:31] [main/INFO] - player_animation_library: 1.0.4+mc1.21.7
[04:16:31] [main/INFO] - polymer-autohost: 0.13.8+1.21.8
[04:16:31] [main/INFO] - polymer-blocks: 0.13.8+1.21.8
[04:16:31] [main/INFO] - polymer-bundled: 0.13.8+1.21.8
[04:16:31] [main/INFO] - polymer-common: 0.13.8+1.21.8
[04:16:31] [main/INFO] - polymer-core: 0.13.8+1.21.8
[04:16:31] [main/INFO] - polymer-networking: 0.13.8+1.21.8
[04:16:31] [main/INFO] - polymer-registry-sync-manipulator: 0.13.8+1.21.8
[04:16:31] [main/INFO] - polymer-resource-pack: 0.13.8+1.21.8
[04:16:31] [main/INFO] - polymer-resource-pack-extras: 0.13.8+1.21.8
[04:16:31] [main/INFO] - polymer-sound-patcher: 0.13.8+1.21.8
[04:16:31] [main/INFO] - polymer-virtual-entity: 0.13.8+1.21.8
[04:16:31] [main/INFO] - puzzleslib: 21.8.3
[04:16:31] [main/INFO] - quickrightclick: 1.7
[04:16:31] [main/INFO] - roughlyenoughitems: 20.0.810
[04:16:31] [main/INFO] - silk-all: 1.11.2
[04:16:31] [main/INFO] - silk-commands: 1.11.2
[04:16:31] [main/INFO] - silk-core: 1.11.2
[04:16:31] [main/INFO] - silk-game: 1.11.2
[04:16:31] [main/INFO] - silk-igui: 1.11.2
[04:16:31] [main/INFO] - silk-nbt: 1.11.2
[04:16:31] [main/INFO] - silk-network: 1.11.2
[04:16:31] [main/INFO] - silk-persistence: 1.11.2
[04:16:31] [main/INFO] - staaaaaaaaaaaack: 1.21.7-1.7
[04:16:31] [main/INFO] - strawberrylib: 1.21.7-r4
[04:16:31] [main/INFO] - subtle_effects: 1.11.1
[04:16:31] [main/INFO] - torchtoss: 2.2.0+1.21.7
[04:16:31] [main/INFO] - treeharvester: 9.2
[04:16:31] [main/INFO] - veinminer: 2.4.8
[04:16:31] [main/INFO] - waystones: 21.8.1
[04:16:31] [main/INFO] - yyzsbackpack: 0.0.24
[04:16:31] [main/INFO] ========================================
[04:16:31] [main/INFO] [REI] Registered plugin provider DefaultPlugin [roughlyenoughitems] for REICommonPlugin
[04:16:31] [main/INFO] [REI] Registered plugin provider DefaultRuntimePlugin [roughlyenoughitems] for REICommonPlugin
[04:16:31] [main/INFO] [REI] Registered plugin provider FabricFluidAPISupportPlugin for REICommonPlugin
[04:16:33] [main/DEBUG] [REI] Processed 388 tags in 3.648 ms for minecraft:block
[04:16:33] [main/DEBUG] [REI] Processed 5 tags in 72.85 μs for minecraft:game_event
[04:16:33] [main/DEBUG] [REI] Processed 3 tags in 41.27 μs for minecraft:point_of_interest_type
[04:16:34] [main/DEBUG] [REI] Processed 504 tags in 1.575 ms for minecraft:item
[04:16:34] [main/DEBUG] [REI] Processed 5 tags in 18.85 μs for minecraft:fluid
[04:16:34] [main/DEBUG] [REI] Processed 77 tags in 347.4 μs for minecraft:entity_type
[04:16:49] [Server thread/DEBUG] [REI] Starting Reload Plugins of stage null
java.lang.Throwable
	at knot//me.shedaniel.rei.impl.common.plugins.ReloadManagerImpl.reloadPlugins(ReloadManagerImpl.java:110)
	at knot//me.shedaniel.rei.RoughlyEnoughItemsCore.lambda$onInitialize$5(RoughlyEnoughItemsCore.java:157)
	at knot//dev.architectury.event.fabric.EventHandlerImpl.lambda$registerCommon$10(EventHandlerImpl.java:67)
	at knot//net.fabricmc.fabric.api.event.lifecycle.v1.ServerLifecycleEvents.lambda$static$2(ServerLifecycleEvents.java:49)
	at knot//net.minecraft.server.MinecraftServer.handler$zlo000$fabric-lifecycle-events-v1$afterSetupServer(MinecraftServer.java:3202)
	at knot//net.minecraft.server.MinecraftServer.method_29741(MinecraftServer.java:676)
	at knot//net.minecraft.server.MinecraftServer.method_29739(MinecraftServer.java:291)
	at java.base/java.lang.Thread.run(Thread.java:1583)
[04:16:49] [Server thread/DEBUG] [REI] ========================================
[04:16:49] [Server thread/DEBUG] [REI] REICommonPlugin starting pre-reload for START.
[04:16:49] [Server thread/DEBUG] [REI] Reloadables (8):
[04:16:49] [Server thread/DEBUG] [REI]  - SlotAccessorRegistryImpl
[04:16:49] [Server thread/DEBUG] [REI]  - EntryTypeRegistryImpl
[04:16:49] [Server thread/DEBUG] [REI]  - EntrySettingsAdapterRegistryImpl
[04:16:49] [Server thread/DEBUG] [REI]  - ItemComparatorRegistryImpl
[04:16:49] [Server thread/DEBUG] [REI]  - FluidComparatorRegistryImpl
[04:16:49] [Server thread/DEBUG] [REI]  - DisplaySerializerRegistryImpl
[04:16:49] [Server thread/DEBUG] [REI]  - ServerDisplayRegistryImpl
[04:16:49] [Server thread/DEBUG] [REI]  - FluidSupportProviderImpl
[04:16:49] [Server thread/DEBUG] [REI] Plugins (3):
[04:16:49] [Server thread/DEBUG] [REI]  - (-100.00) DefaultPlugin of DefaultPlugin [roughlyenoughitems]
[04:16:49] [Server thread/DEBUG] [REI]  - (0.00) FabricFluidAPISupportPlugin
[04:16:49] [Server thread/DEBUG] [REI]  - (0.00) DefaultRuntimePlugin of DefaultRuntimePlugin [roughlyenoughitems]
[04:16:49] [Server thread/DEBUG] [REI] ========================================
[04:16:49] [Server thread/TRACE] [REI] [REICommonPlugin START] Reloading Section: "pre-register/"
[04:16:49] [Server thread/TRACE] [REI] [REICommonPlugin START] Reloading Section: "pre-register/DefaultPlugin of DefaultPlugin [roughlyenoughitems]/"
[04:16:49] [Server thread/TRACE] [REI] [REICommonPlugin START] Reloading Section: "pre-register/DefaultPlugin of DefaultPlugin [roughlyenoughitems]/" done in 1.046 ms
[04:16:49] [Server thread/TRACE] [REI] [REICommonPlugin START] Reloading Section: "pre-register/FabricFluidAPISupportPlugin/"
[04:16:49] [Server thread/TRACE] [REI] [REICommonPlugin START] Reloading Section: "pre-register/FabricFluidAPISupportPlugin/" done in 52.99 μs
[04:16:49] [Server thread/TRACE] [REI] [REICommonPlugin START] Reloading Section: "pre-register/DefaultRuntimePlugin of DefaultRuntimePlugin [roughlyenoughitems]/"
[04:16:49] [Server thread/TRACE] [REI] [REICommonPlugin START] Reloading Section: "pre-register/DefaultRuntimePlugin of DefaultRuntimePlugin [roughlyenoughitems]/" done in 82.62 μs
[04:16:49] [Server thread/TRACE] [REI] [REICommonPlugin START] Reloading Section: "pre-register/" done in 10.60 ms
[04:16:49] [Server thread/TRACE] [REI] [REICommonPlugin START] Reloading Section: "pre-stage/"
[04:16:49] [Server thread/TRACE] [REI] [REICommonPlugin START] Reloading Section: "pre-stage/SlotAccessorRegistryImpl/"
[04:16:49] [Server thread/TRACE] [REI] [REICommonPlugin START] Reloading Section: "pre-stage/SlotAccessorRegistryImpl/" done in 242.9 μs
[04:16:49] [Server thread/TRACE] [REI] [REICommonPlugin START] Reloading Section: "pre-stage/EntryTypeRegistryImpl/"
[04:16:49] [Server thread/TRACE] [REI] [REICommonPlugin START] Reloading Section: "pre-stage/EntryTypeRegistryImpl/" done in 46.64 μs
[04:16:49] [Server thread/TRACE] [REI] [REICommonPlugin START] Reloading Section: "pre-stage/EntrySettingsAdapterRegistryImpl/"
[04:16:49] [Server thread/TRACE] [REI] [REICommonPlugin START] Reloading Section: "pre-stage/EntrySettingsAdapterRegistryImpl/" done in 48.41 μs
[04:16:49] [Server thread/TRACE] [REI] [REICommonPlugin START] Reloading Section: "pre-stage/ItemComparatorRegistryImpl/"
[04:16:49] [Server thread/TRACE] [REI] [REICommonPlugin START] Reloading Section: "pre-stage/ItemComparatorRegistryImpl/" done in 65.03 μs
[04:16:49] [Server thread/TRACE] [REI] [REICommonPlugin START] Reloading Section: "pre-stage/FluidComparatorRegistryImpl/"
[04:16:49] [Server thread/TRACE] [REI] [REICommonPlugin START] Reloading Section: "pre-stage/FluidComparatorRegistryImpl/" done in 64.75 μs
[04:16:49] [Server thread/TRACE] [REI] [REICommonPlugin START] Reloading Section: "pre-stage/DisplaySerializerRegistryImpl/"
[04:16:49] [Server thread/TRACE] [REI] [REICommonPlugin START] Reloading Section: "pre-stage/DisplaySerializerRegistryImpl/" done in 47.06 μs
[04:16:49] [Server thread/TRACE] [REI] [REICommonPlugin START] Reloading Section: "pre-stage/ServerDisplayRegistryImpl/"
[04:16:49] [Server thread/TRACE] [REI] [REICommonPlugin START] Reloading Section: "pre-stage/ServerDisplayRegistryImpl/" done in 46.49 μs
[04:16:49] [Server thread/TRACE] [REI] [REICommonPlugin START] Reloading Section: "pre-stage/FluidSupportProviderImpl/"
[04:16:49] [Server thread/TRACE] [REI] [REICommonPlugin START] Reloading Section: "pre-stage/FluidSupportProviderImpl/" done in 52.01 μs
[04:16:49] [Server thread/TRACE] [REI] [REICommonPlugin START] Reloading Section: "pre-stage/" done in 1.538 ms
[04:16:49] [Server thread/DEBUG] [REI] ========================================
[04:16:49] [Server thread/DEBUG] [REI] REICommonPlugin finished pre-reload for START in 12.70 ms.
[04:16:49] [Server thread/DEBUG] [REI] ========================================
[04:16:49] [Server thread/INFO] [REI] @@@@@@@@@@@@@@@@@@@@@@@@@@@@@@@@@@@@@@@@
[04:16:49] [Server thread/INFO] [REI] REICommonPlugin starting main-reload for START.
[04:16:49] [Server thread/DEBUG] [REI] Reloadables (8):
[04:16:49] [Server thread/DEBUG] [REI]  - SlotAccessorRegistryImpl
[04:16:49] [Server thread/DEBUG] [REI]  - EntryTypeRegistryImpl
[04:16:49] [Server thread/DEBUG] [REI]  - EntrySettingsAdapterRegistryImpl
[04:16:49] [Server thread/DEBUG] [REI]  - ItemComparatorRegistryImpl
[04:16:49] [Server thread/DEBUG] [REI]  - FluidComparatorRegistryImpl
[04:16:49] [Server thread/DEBUG] [REI]  - DisplaySerializerRegistryImpl
[04:16:49] [Server thread/DEBUG] [REI]  - ServerDisplayRegistryImpl
[04:16:49] [Server thread/DEBUG] [REI]  - FluidSupportProviderImpl
[04:16:49] [Server thread/INFO] [REI] Plugins (3):
[04:16:49] [Server thread/INFO] [REI]  - (-100.00) DefaultPlugin of DefaultPlugin [roughlyenoughitems]
[04:16:49] [Server thread/INFO] [REI]  - (0.00) FabricFluidAPISupportPlugin
[04:16:49] [Server thread/INFO] [REI]  - (0.00) DefaultRuntimePlugin of DefaultRuntimePlugin [roughlyenoughitems]
[04:16:49] [Server thread/INFO] [REI] @@@@@@@@@@@@@@@@@@@@@@@@@@@@@@@@@@@@@@@@
[04:16:49] [Server thread/TRACE] [REI] [REICommonPlugin START] Reloading Section: "start-reload/"
[04:16:49] [Server thread/TRACE] [REI] [REICommonPlugin START] Reloading Section: "start-reload/SlotAccessorRegistryImpl/"
[04:16:49] [Server thread/TRACE] [REI] [REICommonPlugin START] Reloading Section: "start-reload/SlotAccessorRegistryImpl/" done in 69.23 μs
[04:16:49] [Server thread/TRACE] [REI] [REICommonPlugin START] Reloading Section: "start-reload/EntryTypeRegistryImpl/"
[04:16:49] [Server thread/TRACE] [REI] [REICommonPlugin START] Reloading Section: "start-reload/EntryTypeRegistryImpl/" done in 74.67 μs
[04:16:49] [Server thread/TRACE] [REI] [REICommonPlugin START] Reloading Section: "start-reload/EntrySettingsAdapterRegistryImpl/"
[04:16:49] [Server thread/TRACE] [REI] [REICommonPlugin START] Reloading Section: "start-reload/EntrySettingsAdapterRegistryImpl/" done in 40.32 μs
[04:16:49] [Server thread/TRACE] [REI] [REICommonPlugin START] Reloading Section: "start-reload/ItemComparatorRegistryImpl/"
[04:16:49] [Server thread/TRACE] [REI] [REICommonPlugin START] Reloading Section: "start-reload/ItemComparatorRegistryImpl/" done in 55.66 μs
[04:16:49] [Server thread/TRACE] [REI] [REICommonPlugin START] Reloading Section: "start-reload/FluidComparatorRegistryImpl/"
[04:16:49] [Server thread/TRACE] [REI] [REICommonPlugin START] Reloading Section: "start-reload/FluidComparatorRegistryImpl/" done in 48.06 μs
[04:16:49] [Server thread/TRACE] [REI] [REICommonPlugin START] Reloading Section: "start-reload/DisplaySerializerRegistryImpl/"
[04:16:49] [Server thread/TRACE] [REI] [REICommonPlugin START] Reloading Section: "start-reload/DisplaySerializerRegistryImpl/" done in 51.50 μs
[04:16:49] [Server thread/TRACE] [REI] [REICommonPlugin START] Reloading Section: "start-reload/ServerDisplayRegistryImpl/"
[04:16:49] [Server thread/TRACE] [REI] [REICommonPlugin START] Reloading Section: "start-reload/ServerDisplayRegistryImpl/" done in 41.57 μs
[04:16:49] [Server thread/TRACE] [REI] [REICommonPlugin START] Reloading Section: "start-reload/FluidSupportProviderImpl/"
[04:16:49] [Server thread/TRACE] [REI] [REICommonPlugin START] Reloading Section: "start-reload/FluidSupportProviderImpl/" done in 60.12 μs
[04:16:49] [Server thread/TRACE] [REI] [REICommonPlugin START] Reloading Section: "start-reload/" done in 1.312 ms
[04:16:49] [Server thread/DEBUG] [REI] ========================================
[04:16:49] [Server thread/DEBUG] [REI] REICommonPlugin started main-reload for START.
[04:16:49] [Server thread/DEBUG] [REI] ========================================
[04:16:49] [Server thread/TRACE] [REI] [REICommonPlugin START] Reloading Section: "reloadable-plugin/SlotAccessorRegistryImpl/"
[04:16:49] [Server thread/TRACE] [REI] [REICommonPlugin START] Reloading Section: "reloadable-plugin/SlotAccessorRegistryImpl/DefaultPlugin of DefaultPlugin [roughlyenoughitems]/"
[04:16:49] [Server thread/TRACE] [REI] [REICommonPlugin START] Reloading Section: "reloadable-plugin/SlotAccessorRegistryImpl/DefaultPlugin of DefaultPlugin [roughlyenoughitems]/" done in 2.318 ms
[04:16:49] [Server thread/TRACE] [REI] [REICommonPlugin START] Reloading Section: "reloadable-plugin/SlotAccessorRegistryImpl/FabricFluidAPISupportPlugin/"
[04:16:49] [Server thread/TRACE] [REI] [REICommonPlugin START] Reloading Section: "reloadable-plugin/SlotAccessorRegistryImpl/FabricFluidAPISupportPlugin/" done in 947.1 μs
[04:16:49] [Server thread/TRACE] [REI] [REICommonPlugin START] Reloading Section: "reloadable-plugin/SlotAccessorRegistryImpl/DefaultRuntimePlugin of DefaultRuntimePlugin [roughlyenoughitems]/"
[04:16:49] [Server thread/TRACE] [REI] [REICommonPlugin START] Reloading Section: "reloadable-plugin/SlotAccessorRegistryImpl/DefaultRuntimePlugin of DefaultRuntimePlugin [roughlyenoughitems]/" done in 77.70 μs
[04:16:49] [Server thread/TRACE] [REI] [REICommonPlugin START] Reloading Section: "reloadable-plugin/SlotAccessorRegistryImpl/" done in 4.376 ms
[04:16:49] [Server thread/TRACE] [REI] [REICommonPlugin START] Reloading Section: "reloadable-plugin/EntryTypeRegistryImpl/"
[04:16:49] [Server thread/TRACE] [REI] [REICommonPlugin START] Reloading Section: "reloadable-plugin/EntryTypeRegistryImpl/DefaultPlugin of DefaultPlugin [roughlyenoughitems]/"
[04:16:49] [Server thread/TRACE] [REI] [REICommonPlugin START] Reloading Section: "reloadable-plugin/EntryTypeRegistryImpl/DefaultPlugin of DefaultPlugin [roughlyenoughitems]/" done in 91.25 μs
[04:16:49] [Server thread/TRACE] [REI] [REICommonPlugin START] Reloading Section: "reloadable-plugin/EntryTypeRegistryImpl/FabricFluidAPISupportPlugin/"
[04:16:49] [Server thread/TRACE] [REI] [REICommonPlugin START] Reloading Section: "reloadable-plugin/EntryTypeRegistryImpl/FabricFluidAPISupportPlugin/" done in 85.83 μs
[04:16:49] [Server thread/TRACE] [REI] [REICommonPlugin START] Reloading Section: "reloadable-plugin/EntryTypeRegistryImpl/DefaultRuntimePlugin of DefaultRuntimePlugin [roughlyenoughitems]/"
[04:16:49] [Server thread/TRACE] [REI] [REICommonPlugin START] Reloading Section: "reloadable-plugin/EntryTypeRegistryImpl/DefaultRuntimePlugin of DefaultRuntimePlugin [roughlyenoughitems]/" done in 8.231 ms
[04:16:49] [Server thread/TRACE] [REI] [REICommonPlugin START] Reloading Section: "reloadable-plugin/EntryTypeRegistryImpl/" done in 9.021 ms
[04:16:49] [Server thread/TRACE] [REI] [REICommonPlugin START] Reloading Section: "reloadable-plugin/EntrySettingsAdapterRegistryImpl/"
[04:16:49] [Server thread/TRACE] [REI] [REICommonPlugin START] Reloading Section: "reloadable-plugin/EntrySettingsAdapterRegistryImpl/DefaultPlugin of DefaultPlugin [roughlyenoughitems]/"
[04:16:49] [Server thread/TRACE] [REI] [REICommonPlugin START] Reloading Section: "reloadable-plugin/EntrySettingsAdapterRegistryImpl/DefaultPlugin of DefaultPlugin [roughlyenoughitems]/" done in 93.21 μs
[04:16:49] [Server thread/TRACE] [REI] [REICommonPlugin START] Reloading Section: "reloadable-plugin/EntrySettingsAdapterRegistryImpl/FabricFluidAPISupportPlugin/"
[04:16:49] [Server thread/TRACE] [REI] [REICommonPlugin START] Reloading Section: "reloadable-plugin/EntrySettingsAdapterRegistryImpl/FabricFluidAPISupportPlugin/" done in 63.98 μs
[04:16:49] [Server thread/TRACE] [REI] [REICommonPlugin START] Reloading Section: "reloadable-plugin/EntrySettingsAdapterRegistryImpl/DefaultRuntimePlugin of DefaultRuntimePlugin [roughlyenoughitems]/"
[04:16:49] [Server thread/TRACE] [REI] [REICommonPlugin START] Reloading Section: "reloadable-plugin/EntrySettingsAdapterRegistryImpl/DefaultRuntimePlugin of DefaultRuntimePlugin [roughlyenoughitems]/" done in 78.01 μs
[04:16:49] [Server thread/TRACE] [REI] [REICommonPlugin START] Reloading Section: "reloadable-plugin/EntrySettingsAdapterRegistryImpl/" done in 813.4 μs
[04:16:49] [Server thread/TRACE] [REI] [REICommonPlugin START] Reloading Section: "reloadable-plugin/ItemComparatorRegistryImpl/"
[04:16:49] [Server thread/TRACE] [REI] [REICommonPlugin START] Reloading Section: "reloadable-plugin/ItemComparatorRegistryImpl/DefaultPlugin of DefaultPlugin [roughlyenoughitems]/"
[04:16:49] [Server thread/TRACE] [REI] [REICommonPlugin START] Reloading Section: "reloadable-plugin/ItemComparatorRegistryImpl/DefaultPlugin of DefaultPlugin [roughlyenoughitems]/" done in 774.7 μs
[04:16:49] [Server thread/TRACE] [REI] [REICommonPlugin START] Reloading Section: "reloadable-plugin/ItemComparatorRegistryImpl/FabricFluidAPISupportPlugin/"
[04:16:49] [Server thread/TRACE] [REI] [REICommonPlugin START] Reloading Section: "reloadable-plugin/ItemComparatorRegistryImpl/FabricFluidAPISupportPlugin/" done in 74.73 μs
[04:16:49] [Server thread/TRACE] [REI] [REICommonPlugin START] Reloading Section: "reloadable-plugin/ItemComparatorRegistryImpl/DefaultRuntimePlugin of DefaultRuntimePlugin [roughlyenoughitems]/"
[04:16:49] [Server thread/TRACE] [REI] [REICommonPlugin START] Reloading Section: "reloadable-plugin/ItemComparatorRegistryImpl/DefaultRuntimePlugin of DefaultRuntimePlugin [roughlyenoughitems]/" done in 88.30 μs
[04:16:49] [Server thread/TRACE] [REI] [REICommonPlugin START] Reloading Section: "reloadable-plugin/ItemComparatorRegistryImpl/" done in 1.759 ms
[04:16:49] [Server thread/TRACE] [REI] [REICommonPlugin START] Reloading Section: "reloadable-plugin/FluidComparatorRegistryImpl/"
[04:16:49] [Server thread/TRACE] [REI] [REICommonPlugin START] Reloading Section: "reloadable-plugin/FluidComparatorRegistryImpl/DefaultPlugin of DefaultPlugin [roughlyenoughitems]/"
[04:16:49] [Server thread/TRACE] [REI] [REICommonPlugin START] Reloading Section: "reloadable-plugin/FluidComparatorRegistryImpl/DefaultPlugin of DefaultPlugin [roughlyenoughitems]/" done in 66.43 μs
[04:16:49] [Server thread/TRACE] [REI] [REICommonPlugin START] Reloading Section: "reloadable-plugin/FluidComparatorRegistryImpl/FabricFluidAPISupportPlugin/"
[04:16:49] [Server thread/TRACE] [REI] [REICommonPlugin START] Reloading Section: "reloadable-plugin/FluidComparatorRegistryImpl/FabricFluidAPISupportPlugin/" done in 81.51 μs
[04:16:49] [Server thread/TRACE] [REI] [REICommonPlugin START] Reloading Section: "reloadable-plugin/FluidComparatorRegistryImpl/DefaultRuntimePlugin of DefaultRuntimePlugin [roughlyenoughitems]/"
[04:16:49] [Server thread/TRACE] [REI] [REICommonPlugin START] Reloading Section: "reloadable-plugin/FluidComparatorRegistryImpl/DefaultRuntimePlugin of DefaultRuntimePlugin [roughlyenoughitems]/" done in 56.86 μs
[04:16:49] [Server thread/TRACE] [REI] [REICommonPlugin START] Reloading Section: "reloadable-plugin/FluidComparatorRegistryImpl/" done in 917.1 μs
[04:16:49] [Server thread/TRACE] [REI] [REICommonPlugin START] Reloading Section: "reloadable-plugin/DisplaySerializerRegistryImpl/"
[04:16:49] [Server thread/TRACE] [REI] [REICommonPlugin START] Reloading Section: "reloadable-plugin/DisplaySerializerRegistryImpl/DefaultPlugin of DefaultPlugin [roughlyenoughitems]/"
[04:16:49] [Server thread/DEBUG] [REI] Added display serializer [minecraft:client/crafting/shaped] me.shedaniel.rei.api.common.display.DisplaySerializer$1@56a3f958
[04:16:49] [Server thread/DEBUG] [REI] Added display serializer [minecraft:client/crafting/shapeless] me.shedaniel.rei.api.common.display.DisplaySerializer$1@189f70c6
[04:16:49] [Server thread/DEBUG] [REI] Added display serializer [minecraft:client/smelting] me.shedaniel.rei.api.common.display.DisplaySerializer$1@374c5a2f
[04:16:49] [Server thread/DEBUG] [REI] Added display serializer [minecraft:client/smoking] me.shedaniel.rei.api.common.display.DisplaySerializer$1@58d3e9f7
[04:16:49] [Server thread/DEBUG] [REI] Added display serializer [minecraft:client/blasting] me.shedaniel.rei.api.common.display.DisplaySerializer$1@50b91ef7
[04:16:49] [Server thread/DEBUG] [REI] Added display serializer [minecraft:default/crafting/shaped] me.shedaniel.rei.api.common.display.DisplaySerializer$1@6e3b9f41
[04:16:49] [Server thread/DEBUG] [REI] Added display serializer [minecraft:default/crafting/shapeless] me.shedaniel.rei.api.common.display.DisplaySerializer$1@7905e18
[04:16:49] [Server thread/DEBUG] [REI] Added display serializer [minecraft:default/crafting/custom] me.shedaniel.rei.api.common.display.DisplaySerializer$1@437425f0
[04:16:49] [Server thread/DEBUG] [REI] Added display serializer [minecraft:default/crafting/custom_shaped] me.shedaniel.rei.api.common.display.DisplaySerializer$1@1b9c8c1d
[04:16:49] [Server thread/DEBUG] [REI] Added display serializer [minecraft:default/crafting/custom_shapeless] me.shedaniel.rei.api.common.display.DisplaySerializer$1@3cca39de
[04:16:49] [Server thread/DEBUG] [REI] Added display serializer [minecraft:extension/crafting/map_extending] me.shedaniel.rei.api.common.display.DisplaySerializer$1@5c75905a
[04:16:49] [Server thread/DEBUG] [REI] Added display serializer [minecraft:default/smelting] me.shedaniel.rei.api.common.display.DisplaySerializer$1@7cfcae18
[04:16:49] [Server thread/DEBUG] [REI] Added display serializer [minecraft:default/smoking] me.shedaniel.rei.api.common.display.DisplaySerializer$1@46b8b419
[04:16:49] [Server thread/DEBUG] [REI] Added display serializer [minecraft:default/blasting] me.shedaniel.rei.api.common.display.DisplaySerializer$1@1cbcaa09
[04:16:49] [Server thread/DEBUG] [REI] Added display serializer [minecraft:default/campfire] me.shedaniel.rei.api.common.display.DisplaySerializer$1@24ff12ce
[04:16:49] [Server thread/DEBUG] [REI] Added display serializer [minecraft:default/stone_cutting] me.shedaniel.rei.api.common.display.DisplaySerializer$1@535305bc
[04:16:49] [Server thread/DEBUG] [REI] Added display serializer [minecraft:default/stripping] me.shedaniel.rei.api.common.display.DisplaySerializer$1@ece62c6
[04:16:49] [Server thread/DEBUG] [REI] Added display serializer [minecraft:default/brewing] me.shedaniel.rei.api.common.display.DisplaySerializer$1@78eef08f
[04:16:49] [Server thread/DEBUG] [REI] Added display serializer [minecraft:default/composting] me.shedaniel.rei.api.common.display.DisplaySerializer$1@245c73ed
[04:16:49] [Server thread/DEBUG] [REI] Added display serializer [minecraft:default/fuel] me.shedaniel.rei.api.common.display.DisplaySerializer$1@27617d05
[04:16:49] [Server thread/DEBUG] [REI] Added display serializer [minecraft:default/smithing] me.shedaniel.rei.api.common.display.DisplaySerializer$1@20a4ebd4
[04:16:49] [Server thread/DEBUG] [REI] Added display serializer [minecraft:default/smithing/trimming] me.shedaniel.rei.api.common.display.DisplaySerializer$1@5f313ba4
[04:16:49] [Server thread/DEBUG] [REI] Added display serializer [minecraft:default/anvil] me.shedaniel.rei.api.common.display.DisplaySerializer$1@7c04c7e6
[04:16:49] [Server thread/DEBUG] [REI] Added display serializer [minecraft:default/beacon_base] me.shedaniel.rei.api.common.display.DisplaySerializer$1@50608aa1
[04:16:49] [Server thread/DEBUG] [REI] Added display serializer [minecraft:default/beacon_payment] me.shedaniel.rei.api.common.display.DisplaySerializer$1@1bb1e96
[04:16:49] [Server thread/DEBUG] [REI] Added display serializer [minecraft:default/tilling] me.shedaniel.rei.api.common.display.DisplaySerializer$1@72bac868
[04:16:49] [Server thread/DEBUG] [REI] Added display serializer [minecraft:default/pathing] me.shedaniel.rei.api.common.display.DisplaySerializer$1@553b71d
[04:16:49] [Server thread/DEBUG] [REI] Added display serializer [minecraft:default/waxing] me.shedaniel.rei.api.common.display.DisplaySerializer$1@3ae8b539
[04:16:49] [Server thread/DEBUG] [REI] Added display serializer [minecraft:default/waxing_scraping] me.shedaniel.rei.api.common.display.DisplaySerializer$1@2b4f246f
[04:16:49] [Server thread/DEBUG] [REI] Added display serializer [minecraft:default/oxidizing] me.shedaniel.rei.api.common.display.DisplaySerializer$1@736ec570
[04:16:49] [Server thread/DEBUG] [REI] Added display serializer [minecraft:default/oxidizing_scraping] me.shedaniel.rei.api.common.display.DisplaySerializer$1@115c2346
[04:16:49] [Server thread/DEBUG] [REI] Added display serializer [roughlyenoughitems:default/information] me.shedaniel.rei.api.common.display.DisplaySerializer$1@25c82b64
[04:16:49] [Server thread/TRACE] [REI] [REICommonPlugin START] Reloading Section: "reloadable-plugin/DisplaySerializerRegistryImpl/DefaultPlugin of DefaultPlugin [roughlyenoughitems]/" done in 105.6 ms
[04:16:49] [Server thread/TRACE] [REI] [REICommonPlugin START] Reloading Section: "reloadable-plugin/DisplaySerializerRegistryImpl/FabricFluidAPISupportPlugin/"
[04:16:49] [Server thread/TRACE] [REI] [REICommonPlugin START] Reloading Section: "reloadable-plugin/DisplaySerializerRegistryImpl/FabricFluidAPISupportPlugin/" done in 71.13 μs
[04:16:49] [Server thread/TRACE] [REI] [REICommonPlugin START] Reloading Section: "reloadable-plugin/DisplaySerializerRegistryImpl/DefaultRuntimePlugin of DefaultRuntimePlugin [roughlyenoughitems]/"
[04:16:49] [Server thread/TRACE] [REI] [REICommonPlugin START] Reloading Section: "reloadable-plugin/DisplaySerializerRegistryImpl/DefaultRuntimePlugin of DefaultRuntimePlugin [roughlyenoughitems]/" done in 59.28 μs
[04:16:49] [Server thread/TRACE] [REI] [REICommonPlugin START] Reloading Section: "reloadable-plugin/DisplaySerializerRegistryImpl/" done in 106.1 ms
[04:16:49] [Server thread/TRACE] [REI] [REICommonPlugin START] Reloading Section: "reloadable-plugin/ServerDisplayRegistryImpl/"
[04:16:49] [Server thread/TRACE] [REI] [REICommonPlugin START] Reloading Section: "reloadable-plugin/ServerDisplayRegistryImpl/DefaultPlugin of DefaultPlugin [roughlyenoughitems]/"
[04:16:49] [Server thread/TRACE] [REI] [REICommonPlugin START] Reloading Section: "reloadable-plugin/ServerDisplayRegistryImpl/DefaultPlugin of DefaultPlugin [roughlyenoughitems]/" done in 76.97 μs
[04:16:49] [Server thread/TRACE] [REI] [REICommonPlugin START] Reloading Section: "reloadable-plugin/ServerDisplayRegistryImpl/FabricFluidAPISupportPlugin/"
[04:16:49] [Server thread/TRACE] [REI] [REICommonPlugin START] Reloading Section: "reloadable-plugin/ServerDisplayRegistryImpl/FabricFluidAPISupportPlugin/" done in 35.80 μs
[04:16:49] [Server thread/TRACE] [REI] [REICommonPlugin START] Reloading Section: "reloadable-plugin/ServerDisplayRegistryImpl/DefaultRuntimePlugin of DefaultRuntimePlugin [roughlyenoughitems]/"
[04:16:49] [Server thread/TRACE] [REI] [REICommonPlugin START] Reloading Section: "reloadable-plugin/ServerDisplayRegistryImpl/DefaultRuntimePlugin of DefaultRuntimePlugin [roughlyenoughitems]/" done in 42.82 μs
[04:16:49] [Server thread/TRACE] [REI] [REICommonPlugin START] Reloading Section: "reloadable-plugin/ServerDisplayRegistryImpl/" done in 457.5 μs
[04:16:49] [Server thread/TRACE] [REI] [REICommonPlugin START] Reloading Section: "reloadable-plugin/FluidSupportProviderImpl/"
[04:16:49] [Server thread/TRACE] [REI] [REICommonPlugin START] Reloading Section: "reloadable-plugin/FluidSupportProviderImpl/DefaultPlugin of DefaultPlugin [roughlyenoughitems]/"
[04:16:49] [Server thread/TRACE] [REI] [REICommonPlugin START] Reloading Section: "reloadable-plugin/FluidSupportProviderImpl/DefaultPlugin of DefaultPlugin [roughlyenoughitems]/" done in 401.8 μs
[04:16:49] [Server thread/TRACE] [REI] [REICommonPlugin START] Reloading Section: "reloadable-plugin/FluidSupportProviderImpl/FabricFluidAPISupportPlugin/"
[04:16:49] [Server thread/TRACE] [REI] [REICommonPlugin START] Reloading Section: "reloadable-plugin/FluidSupportProviderImpl/FabricFluidAPISupportPlugin/" done in 195.4 μs
[04:16:49] [Server thread/TRACE] [REI] [REICommonPlugin START] Reloading Section: "reloadable-plugin/FluidSupportProviderImpl/DefaultRuntimePlugin of DefaultRuntimePlugin [roughlyenoughitems]/"
[04:16:49] [Server thread/TRACE] [REI] [REICommonPlugin START] Reloading Section: "reloadable-plugin/FluidSupportProviderImpl/DefaultRuntimePlugin of DefaultRuntimePlugin [roughlyenoughitems]/" done in 58.81 μs
[04:16:49] [Server thread/TRACE] [REI] [REICommonPlugin START] Reloading Section: "reloadable-plugin/FluidSupportProviderImpl/" done in 1.058 ms
[04:16:49] [Server thread/DEBUG] [REI] ========================================
[04:16:49] [Server thread/DEBUG] [REI] REICommonPlugin ending main-reload for START.
[04:16:49] [Server thread/DEBUG] [REI] ========================================
[04:16:49] [Server thread/TRACE] [REI] [REICommonPlugin START] Reloading Section: "end-reload/"
[04:16:49] [Server thread/TRACE] [REI] [REICommonPlugin START] Reloading Section: "end-reload/SlotAccessorRegistryImpl/"
[04:16:49] [Server thread/TRACE] [REI] [REICommonPlugin START] Reloading Section: "end-reload/SlotAccessorRegistryImpl/" done in 80.82 μs
[04:16:49] [Server thread/TRACE] [REI] [REICommonPlugin START] Reloading Section: "end-reload/EntryTypeRegistryImpl/"
[04:16:49] [Server thread/TRACE] [REI] [REICommonPlugin START] Reloading Section: "end-reload/EntryTypeRegistryImpl/" done in 42.38 μs
[04:16:49] [Server thread/TRACE] [REI] [REICommonPlugin START] Reloading Section: "end-reload/EntrySettingsAdapterRegistryImpl/"
[04:16:49] [Server thread/TRACE] [REI] [REICommonPlugin START] Reloading Section: "end-reload/EntrySettingsAdapterRegistryImpl/" done in 32.89 μs
[04:16:49] [Server thread/TRACE] [REI] [REICommonPlugin START] Reloading Section: "end-reload/ItemComparatorRegistryImpl/"
[04:16:49] [Server thread/TRACE] [REI] [REICommonPlugin START] Reloading Section: "end-reload/ItemComparatorRegistryImpl/" done in 31.14 μs
[04:16:49] [Server thread/TRACE] [REI] [REICommonPlugin START] Reloading Section: "end-reload/FluidComparatorRegistryImpl/"
[04:16:49] [Server thread/TRACE] [REI] [REICommonPlugin START] Reloading Section: "end-reload/FluidComparatorRegistryImpl/" done in 36.82 μs
[04:16:49] [Server thread/TRACE] [REI] [REICommonPlugin START] Reloading Section: "end-reload/DisplaySerializerRegistryImpl/"
[04:16:49] [Server thread/TRACE] [REI] [REICommonPlugin START] Reloading Section: "end-reload/DisplaySerializerRegistryImpl/" done in 30.18 μs
[04:16:49] [Server thread/TRACE] [REI] [REICommonPlugin START] Reloading Section: "end-reload/ServerDisplayRegistryImpl/"
[04:16:49] [Server thread/TRACE] [REI] [REICommonPlugin START] Reloading Section: "end-reload/ServerDisplayRegistryImpl/" done in 29.04 μs
[04:16:49] [Server thread/TRACE] [REI] [REICommonPlugin START] Reloading Section: "end-reload/FluidSupportProviderImpl/"
[04:16:49] [Server thread/TRACE] [REI] [REICommonPlugin START] Reloading Section: "end-reload/FluidSupportProviderImpl/" done in 28.73 μs
[04:16:49] [Server thread/TRACE] [REI] [REICommonPlugin START] Reloading Section: "end-reload/" done in 955.5 μs
[04:16:49] [Server thread/DEBUG] [REI] ========================================
[04:16:49] [Server thread/DEBUG] [REI] REICommonPlugin ended main-reload for START in 137.0 ms.
[04:16:49] [Server thread/DEBUG] [REI] ========================================
[04:16:49] [Server thread/DEBUG] [REI] ========================================
[04:16:49] [Server thread/DEBUG] [REI] REICommonPlugin starting post-reload for START.
[04:16:49] [Server thread/DEBUG] [REI] Reloadables (8):
[04:16:49] [Server thread/DEBUG] [REI]  - SlotAccessorRegistryImpl
[04:16:49] [Server thread/DEBUG] [REI]  - EntryTypeRegistryImpl
[04:16:49] [Server thread/DEBUG] [REI]  - EntrySettingsAdapterRegistryImpl
[04:16:49] [Server thread/DEBUG] [REI]  - ItemComparatorRegistryImpl
[04:16:49] [Server thread/DEBUG] [REI]  - FluidComparatorRegistryImpl
[04:16:49] [Server thread/DEBUG] [REI]  - DisplaySerializerRegistryImpl
[04:16:49] [Server thread/DEBUG] [REI]  - ServerDisplayRegistryImpl
[04:16:49] [Server thread/DEBUG] [REI]  - FluidSupportProviderImpl
[04:16:49] [Server thread/DEBUG] [REI] Plugins (3):
[04:16:49] [Server thread/DEBUG] [REI]  - (-100.00) DefaultPlugin of DefaultPlugin [roughlyenoughitems]
[04:16:49] [Server thread/DEBUG] [REI]  - (0.00) FabricFluidAPISupportPlugin
[04:16:49] [Server thread/DEBUG] [REI]  - (0.00) DefaultRuntimePlugin of DefaultRuntimePlugin [roughlyenoughitems]
[04:16:49] [Server thread/DEBUG] [REI] ========================================
[04:16:49] [Server thread/TRACE] [REI] [REICommonPlugin START] Reloading Section: "post-register/"
[04:16:49] [Server thread/TRACE] [REI] [REICommonPlugin START] Reloading Section: "post-register/DefaultPlugin of DefaultPlugin [roughlyenoughitems]/"
[04:16:49] [Server thread/TRACE] [REI] [REICommonPlugin START] Reloading Section: "post-register/DefaultPlugin of DefaultPlugin [roughlyenoughitems]/" done in 238.3 μs
[04:16:49] [Server thread/TRACE] [REI] [REICommonPlugin START] Reloading Section: "post-register/FabricFluidAPISupportPlugin/"
[04:16:49] [Server thread/TRACE] [REI] [REICommonPlugin START] Reloading Section: "post-register/FabricFluidAPISupportPlugin/" done in 55.33 μs
[04:16:49] [Server thread/TRACE] [REI] [REICommonPlugin START] Reloading Section: "post-register/DefaultRuntimePlugin of DefaultRuntimePlugin [roughlyenoughitems]/"
[04:16:49] [Server thread/TRACE] [REI] [REICommonPlugin START] Reloading Section: "post-register/DefaultRuntimePlugin of DefaultRuntimePlugin [roughlyenoughitems]/" done in 41.40 μs
[04:16:49] [Server thread/TRACE] [REI] [REICommonPlugin START] Reloading Section: "post-register/" done in 977.8 μs
[04:16:49] [Server thread/TRACE] [REI] [REICommonPlugin START] Reloading Section: "post-stage/"
[04:16:49] [Server thread/TRACE] [REI] [REICommonPlugin START] Reloading Section: "post-stage/SlotAccessorRegistryImpl/"
[04:16:49] [Server thread/TRACE] [REI] [REICommonPlugin START] Reloading Section: "post-stage/SlotAccessorRegistryImpl/" done in 66.70 μs
[04:16:49] [Server thread/TRACE] [REI] [REICommonPlugin START] Reloading Section: "post-stage/EntryTypeRegistryImpl/"
[04:16:49] [Server thread/TRACE] [REI] [REICommonPlugin START] Reloading Section: "post-stage/EntryTypeRegistryImpl/" done in 50.52 μs
[04:16:49] [Server thread/TRACE] [REI] [REICommonPlugin START] Reloading Section: "post-stage/EntrySettingsAdapterRegistryImpl/"
[04:16:49] [Server thread/TRACE] [REI] [REICommonPlugin START] Reloading Section: "post-stage/EntrySettingsAdapterRegistryImpl/" done in 47.88 μs
[04:16:49] [Server thread/TRACE] [REI] [REICommonPlugin START] Reloading Section: "post-stage/ItemComparatorRegistryImpl/"
[04:16:49] [Server thread/TRACE] [REI] [REICommonPlugin START] Reloading Section: "post-stage/ItemComparatorRegistryImpl/" done in 48.16 μs
[04:16:49] [Server thread/TRACE] [REI] [REICommonPlugin START] Reloading Section: "post-stage/FluidComparatorRegistryImpl/"
[04:16:49] [Server thread/TRACE] [REI] [REICommonPlugin START] Reloading Section: "post-stage/FluidComparatorRegistryImpl/" done in 39.79 μs
[04:16:49] [Server thread/TRACE] [REI] [REICommonPlugin START] Reloading Section: "post-stage/DisplaySerializerRegistryImpl/"
[04:16:49] [Server thread/TRACE] [REI] [REICommonPlugin START] Reloading Section: "post-stage/DisplaySerializerRegistryImpl/" done in 33.20 μs
[04:16:49] [Server thread/TRACE] [REI] [REICommonPlugin START] Reloading Section: "post-stage/ServerDisplayRegistryImpl/"
[04:16:49] [Server thread/TRACE] [REI] [REICommonPlugin START] Reloading Section: "post-stage/ServerDisplayRegistryImpl/" done in 62.17 μs
[04:16:49] [Server thread/TRACE] [REI] [REICommonPlugin START] Reloading Section: "post-stage/FluidSupportProviderImpl/"
[04:16:49] [Server thread/TRACE] [REI] [REICommonPlugin START] Reloading Section: "post-stage/FluidSupportProviderImpl/" done in 39.53 μs
[04:16:49] [Server thread/TRACE] [REI] [REICommonPlugin START] Reloading Section: "post-stage/" done in 1.250 ms
[04:16:49] [Server thread/DEBUG] [REI] ========================================
[04:16:49] [Server thread/INFO] [REI] REICommonPlugin finished post-reload for START in 2.389 ms, totaling 152.1 ms.
[04:16:49] [Server thread/DEBUG] [REI] ========================================
[04:16:49] [Server thread/DEBUG] [REI] ========================================
[04:16:49] [Server thread/DEBUG] [REI] REICommonPlugin starting pre-reload for END.
[04:16:49] [Server thread/DEBUG] [REI] Reloadables (8):
[04:16:49] [Server thread/DEBUG] [REI]  - SlotAccessorRegistryImpl
[04:16:49] [Server thread/DEBUG] [REI]  - EntryTypeRegistryImpl
[04:16:49] [Server thread/DEBUG] [REI]  - EntrySettingsAdapterRegistryImpl
[04:16:49] [Server thread/DEBUG] [REI]  - ItemComparatorRegistryImpl
[04:16:49] [Server thread/DEBUG] [REI]  - FluidComparatorRegistryImpl
[04:16:49] [Server thread/DEBUG] [REI]  - DisplaySerializerRegistryImpl
[04:16:49] [Server thread/DEBUG] [REI]  - ServerDisplayRegistryImpl
[04:16:49] [Server thread/DEBUG] [REI]  - FluidSupportProviderImpl
[04:16:49] [Server thread/DEBUG] [REI] Plugins (3):
[04:16:49] [Server thread/DEBUG] [REI]  - (-100.00) DefaultPlugin of DefaultPlugin [roughlyenoughitems]
[04:16:49] [Server thread/DEBUG] [REI]  - (0.00) FabricFluidAPISupportPlugin
[04:16:49] [Server thread/DEBUG] [REI]  - (0.00) DefaultRuntimePlugin of DefaultRuntimePlugin [roughlyenoughitems]
[04:16:49] [Server thread/DEBUG] [REI] ========================================
[04:16:49] [Server thread/TRACE] [REI] [REICommonPlugin END] Reloading Section: "pre-register/"
[04:16:49] [Server thread/TRACE] [REI] [REICommonPlugin END] Reloading Section: "pre-register/DefaultPlugin of DefaultPlugin [roughlyenoughitems]/"
[04:16:49] [Server thread/TRACE] [REI] [REICommonPlugin END] Reloading Section: "pre-register/DefaultPlugin of DefaultPlugin [roughlyenoughitems]/" done in 29.09 μs
[04:16:49] [Server thread/TRACE] [REI] [REICommonPlugin END] Reloading Section: "pre-register/FabricFluidAPISupportPlugin/"
[04:16:49] [Server thread/TRACE] [REI] [REICommonPlugin END] Reloading Section: "pre-register/FabricFluidAPISupportPlugin/" done in 36.65 μs
[04:16:49] [Server thread/TRACE] [REI] [REICommonPlugin END] Reloading Section: "pre-register/DefaultRuntimePlugin of DefaultRuntimePlugin [roughlyenoughitems]/"
[04:16:49] [Server thread/TRACE] [REI] [REICommonPlugin END] Reloading Section: "pre-register/DefaultRuntimePlugin of DefaultRuntimePlugin [roughlyenoughitems]/" done in 48.39 μs
[04:16:49] [Server thread/TRACE] [REI] [REICommonPlugin END] Reloading Section: "pre-register/" done in 393.9 μs
[04:16:49] [Server thread/TRACE] [REI] [REICommonPlugin END] Reloading Section: "pre-stage/"
[04:16:49] [Server thread/TRACE] [REI] [REICommonPlugin END] Reloading Section: "pre-stage/SlotAccessorRegistryImpl/"
[04:16:49] [Server thread/TRACE] [REI] [REICommonPlugin END] Reloading Section: "pre-stage/SlotAccessorRegistryImpl/" done in 71.32 μs
[04:16:49] [Server thread/TRACE] [REI] [REICommonPlugin END] Reloading Section: "pre-stage/EntryTypeRegistryImpl/"
[04:16:49] [Server thread/TRACE] [REI] [REICommonPlugin END] Reloading Section: "pre-stage/EntryTypeRegistryImpl/" done in 52.31 μs
[04:16:49] [Server thread/TRACE] [REI] [REICommonPlugin END] Reloading Section: "pre-stage/EntrySettingsAdapterRegistryImpl/"
[04:16:49] [Server thread/TRACE] [REI] [REICommonPlugin END] Reloading Section: "pre-stage/EntrySettingsAdapterRegistryImpl/" done in 116.9 μs
[04:16:49] [Server thread/TRACE] [REI] [REICommonPlugin END] Reloading Section: "pre-stage/ItemComparatorRegistryImpl/"
[04:16:49] [Server thread/TRACE] [REI] [REICommonPlugin END] Reloading Section: "pre-stage/ItemComparatorRegistryImpl/" done in 60.48 μs
[04:16:49] [Server thread/TRACE] [REI] [REICommonPlugin END] Reloading Section: "pre-stage/FluidComparatorRegistryImpl/"
[04:16:49] [Server thread/TRACE] [REI] [REICommonPlugin END] Reloading Section: "pre-stage/FluidComparatorRegistryImpl/" done in 40.07 μs
[04:16:49] [Server thread/TRACE] [REI] [REICommonPlugin END] Reloading Section: "pre-stage/DisplaySerializerRegistryImpl/"
[04:16:49] [Server thread/TRACE] [REI] [REICommonPlugin END] Reloading Section: "pre-stage/DisplaySerializerRegistryImpl/" done in 35.70 μs
[04:16:49] [Server thread/TRACE] [REI] [REICommonPlugin END] Reloading Section: "pre-stage/ServerDisplayRegistryImpl/"
[04:16:49] [Server thread/TRACE] [REI] [REICommonPlugin END] Reloading Section: "pre-stage/ServerDisplayRegistryImpl/" done in 48.56 μs
[04:16:49] [Server thread/TRACE] [REI] [REICommonPlugin END] Reloading Section: "pre-stage/FluidSupportProviderImpl/"
[04:16:49] [Server thread/TRACE] [REI] [REICommonPlugin END] Reloading Section: "pre-stage/FluidSupportProviderImpl/" done in 44.05 μs
[04:16:49] [Server thread/TRACE] [REI] [REICommonPlugin END] Reloading Section: "pre-stage/" done in 1.245 ms
[04:16:49] [Server thread/DEBUG] [REI] ========================================
[04:16:49] [Server thread/DEBUG] [REI] REICommonPlugin finished pre-reload for END in 1.781 ms.
[04:16:49] [Server thread/DEBUG] [REI] ========================================
[04:16:49] [Server thread/INFO] [REI] ========================================
[04:16:49] [Server thread/INFO] [REI] REICommonPlugin starting main-reload for END.
[04:16:49] [Server thread/DEBUG] [REI] Reloadables (8):
[04:16:49] [Server thread/DEBUG] [REI]  - SlotAccessorRegistryImpl
[04:16:49] [Server thread/DEBUG] [REI]  - EntryTypeRegistryImpl
[04:16:49] [Server thread/DEBUG] [REI]  - EntrySettingsAdapterRegistryImpl
[04:16:49] [Server thread/DEBUG] [REI]  - ItemComparatorRegistryImpl
[04:16:49] [Server thread/DEBUG] [REI]  - FluidComparatorRegistryImpl
[04:16:49] [Server thread/DEBUG] [REI]  - DisplaySerializerRegistryImpl
[04:16:49] [Server thread/DEBUG] [REI]  - ServerDisplayRegistryImpl
[04:16:49] [Server thread/DEBUG] [REI]  - FluidSupportProviderImpl
[04:16:49] [Server thread/INFO] [REI] Plugins (3):
[04:16:49] [Server thread/INFO] [REI]  - (-100.00) DefaultPlugin of DefaultPlugin [roughlyenoughitems]
[04:16:49] [Server thread/INFO] [REI]  - (0.00) FabricFluidAPISupportPlugin
[04:16:49] [Server thread/INFO] [REI]  - (0.00) DefaultRuntimePlugin of DefaultRuntimePlugin [roughlyenoughitems]
[04:16:49] [Server thread/INFO] [REI] ========================================
[04:16:49] [Server thread/TRACE] [REI] [REICommonPlugin END] Reloading Section: "start-reload/"
[04:16:49] [Server thread/TRACE] [REI] [REICommonPlugin END] Reloading Section: "start-reload/SlotAccessorRegistryImpl/"
[04:16:49] [Server thread/TRACE] [REI] [REICommonPlugin END] Reloading Section: "start-reload/SlotAccessorRegistryImpl/" done in 42.53 μs
[04:16:49] [Server thread/TRACE] [REI] [REICommonPlugin END] Reloading Section: "start-reload/EntryTypeRegistryImpl/"
[04:16:49] [Server thread/TRACE] [REI] [REICommonPlugin END] Reloading Section: "start-reload/EntryTypeRegistryImpl/" done in 32.49 μs
[04:16:49] [Server thread/TRACE] [REI] [REICommonPlugin END] Reloading Section: "start-reload/EntrySettingsAdapterRegistryImpl/"
[04:16:49] [Server thread/TRACE] [REI] [REICommonPlugin END] Reloading Section: "start-reload/EntrySettingsAdapterRegistryImpl/" done in 41.68 μs
[04:16:49] [Server thread/TRACE] [REI] [REICommonPlugin END] Reloading Section: "start-reload/ItemComparatorRegistryImpl/"
[04:16:49] [Server thread/TRACE] [REI] [REICommonPlugin END] Reloading Section: "start-reload/ItemComparatorRegistryImpl/" done in 35.65 μs
[04:16:49] [Server thread/TRACE] [REI] [REICommonPlugin END] Reloading Section: "start-reload/FluidComparatorRegistryImpl/"
[04:16:49] [Server thread/TRACE] [REI] [REICommonPlugin END] Reloading Section: "start-reload/FluidComparatorRegistryImpl/" done in 35.34 μs
[04:16:49] [Server thread/TRACE] [REI] [REICommonPlugin END] Reloading Section: "start-reload/DisplaySerializerRegistryImpl/"
[04:16:49] [Server thread/TRACE] [REI] [REICommonPlugin END] Reloading Section: "start-reload/DisplaySerializerRegistryImpl/" done in 29.67 μs
[04:16:49] [Server thread/TRACE] [REI] [REICommonPlugin END] Reloading Section: "start-reload/ServerDisplayRegistryImpl/"
[04:16:49] [Server thread/TRACE] [REI] [REICommonPlugin END] Reloading Section: "start-reload/ServerDisplayRegistryImpl/" done in 128.4 μs
[04:16:49] [Server thread/TRACE] [REI] [REICommonPlugin END] Reloading Section: "start-reload/FluidSupportProviderImpl/"
[04:16:49] [Server thread/TRACE] [REI] [REICommonPlugin END] Reloading Section: "start-reload/FluidSupportProviderImpl/" done in 41.99 μs
[04:16:49] [Server thread/TRACE] [REI] [REICommonPlugin END] Reloading Section: "start-reload/" done in 1.092 ms
[04:16:49] [Server thread/DEBUG] [REI] ========================================
[04:16:49] [Server thread/DEBUG] [REI] REICommonPlugin started main-reload for END.
[04:16:49] [Server thread/DEBUG] [REI] ========================================
[04:16:49] [Server thread/TRACE] [REI] [REICommonPlugin END] Reloading Section: "reloadable-plugin/SlotAccessorRegistryImpl/"
[04:16:49] [Server thread/TRACE] [REI] [REICommonPlugin END] Reloading Section: "reloadable-plugin/SlotAccessorRegistryImpl/DefaultPlugin of DefaultPlugin [roughlyenoughitems]/"
[04:16:49] [Server thread/TRACE] [REI] [REICommonPlugin END] Reloading Section: "reloadable-plugin/SlotAccessorRegistryImpl/DefaultPlugin of DefaultPlugin [roughlyenoughitems]/" done in 63.69 μs
[04:16:49] [Server thread/TRACE] [REI] [REICommonPlugin END] Reloading Section: "reloadable-plugin/SlotAccessorRegistryImpl/FabricFluidAPISupportPlugin/"
[04:16:49] [Server thread/TRACE] [REI] [REICommonPlugin END] Reloading Section: "reloadable-plugin/SlotAccessorRegistryImpl/FabricFluidAPISupportPlugin/" done in 44.76 μs
[04:16:49] [Server thread/TRACE] [REI] [REICommonPlugin END] Reloading Section: "reloadable-plugin/SlotAccessorRegistryImpl/DefaultRuntimePlugin of DefaultRuntimePlugin [roughlyenoughitems]/"
[04:16:49] [Server thread/DEBUG] [REI] Added slot accessor serializer: me.shedaniel.rei.plugin.common.runtime.DefaultRuntimePlugin$1@30748b53 [roughlyenoughitems:vanilla]
[04:16:49] [Server thread/DEBUG] [REI] Added slot accessor serializer: me.shedaniel.rei.plugin.common.runtime.DefaultRuntimePlugin$2@398c5bd7 [roughlyenoughitems:player]
[04:16:49] [Server thread/TRACE] [REI] [REICommonPlugin END] Reloading Section: "reloadable-plugin/SlotAccessorRegistryImpl/DefaultRuntimePlugin of DefaultRuntimePlugin [roughlyenoughitems]/" done in 1.804 ms
[04:16:49] [Server thread/TRACE] [REI] [REICommonPlugin END] Reloading Section: "reloadable-plugin/SlotAccessorRegistryImpl/" done in 2.374 ms
[04:16:49] [Server thread/TRACE] [REI] [REICommonPlugin END] Reloading Section: "reloadable-plugin/EntryTypeRegistryImpl/"
[04:16:49] [Server thread/TRACE] [REI] [REICommonPlugin END] Reloading Section: "reloadable-plugin/EntryTypeRegistryImpl/DefaultPlugin of DefaultPlugin [roughlyenoughitems]/"
[04:16:49] [Server thread/TRACE] [REI] [REICommonPlugin END] Reloading Section: "reloadable-plugin/EntryTypeRegistryImpl/DefaultPlugin of DefaultPlugin [roughlyenoughitems]/" done in 37.98 μs
[04:16:49] [Server thread/TRACE] [REI] [REICommonPlugin END] Reloading Section: "reloadable-plugin/EntryTypeRegistryImpl/FabricFluidAPISupportPlugin/"
[04:16:49] [Server thread/TRACE] [REI] [REICommonPlugin END] Reloading Section: "reloadable-plugin/EntryTypeRegistryImpl/FabricFluidAPISupportPlugin/" done in 45.27 μs
[04:16:49] [Server thread/TRACE] [REI] [REICommonPlugin END] Reloading Section: "reloadable-plugin/EntryTypeRegistryImpl/DefaultRuntimePlugin of DefaultRuntimePlugin [roughlyenoughitems]/"
[04:16:49] [Server thread/TRACE] [REI] [REICommonPlugin END] Reloading Section: "reloadable-plugin/EntryTypeRegistryImpl/DefaultRuntimePlugin of DefaultRuntimePlugin [roughlyenoughitems]/" done in 46.36 μs
[04:16:49] [Server thread/TRACE] [REI] [REICommonPlugin END] Reloading Section: "reloadable-plugin/EntryTypeRegistryImpl/" done in 434.8 μs
[04:16:49] [Server thread/TRACE] [REI] [REICommonPlugin END] Reloading Section: "reloadable-plugin/EntrySettingsAdapterRegistryImpl/"
[04:16:49] [Server thread/TRACE] [REI] [REICommonPlugin END] Reloading Section: "reloadable-plugin/EntrySettingsAdapterRegistryImpl/DefaultPlugin of DefaultPlugin [roughlyenoughitems]/"
[04:16:49] [Server thread/TRACE] [REI] [REICommonPlugin END] Reloading Section: "reloadable-plugin/EntrySettingsAdapterRegistryImpl/DefaultPlugin of DefaultPlugin [roughlyenoughitems]/" done in 42.47 μs
[04:16:49] [Server thread/TRACE] [REI] [REICommonPlugin END] Reloading Section: "reloadable-plugin/EntrySettingsAdapterRegistryImpl/FabricFluidAPISupportPlugin/"
[04:16:49] [Server thread/TRACE] [REI] [REICommonPlugin END] Reloading Section: "reloadable-plugin/EntrySettingsAdapterRegistryImpl/FabricFluidAPISupportPlugin/" done in 44.24 μs
[04:16:49] [Server thread/TRACE] [REI] [REICommonPlugin END] Reloading Section: "reloadable-plugin/EntrySettingsAdapterRegistryImpl/DefaultRuntimePlugin of DefaultRuntimePlugin [roughlyenoughitems]/"
[04:16:49] [Server thread/TRACE] [REI] [REICommonPlugin END] Reloading Section: "reloadable-plugin/EntrySettingsAdapterRegistryImpl/DefaultRuntimePlugin of DefaultRuntimePlugin [roughlyenoughitems]/" done in 40.39 μs
[04:16:49] [Server thread/TRACE] [REI] [REICommonPlugin END] Reloading Section: "reloadable-plugin/EntrySettingsAdapterRegistryImpl/" done in 441.3 μs
[04:16:49] [Server thread/TRACE] [REI] [REICommonPlugin END] Reloading Section: "reloadable-plugin/ItemComparatorRegistryImpl/"
[04:16:49] [Server thread/TRACE] [REI] [REICommonPlugin END] Reloading Section: "reloadable-plugin/ItemComparatorRegistryImpl/DefaultPlugin of DefaultPlugin [roughlyenoughitems]/"
[04:16:49] [Server thread/TRACE] [REI] [REICommonPlugin END] Reloading Section: "reloadable-plugin/ItemComparatorRegistryImpl/DefaultPlugin of DefaultPlugin [roughlyenoughitems]/" done in 39.22 μs
[04:16:49] [Server thread/TRACE] [REI] [REICommonPlugin END] Reloading Section: "reloadable-plugin/ItemComparatorRegistryImpl/FabricFluidAPISupportPlugin/"
[04:16:49] [Server thread/TRACE] [REI] [REICommonPlugin END] Reloading Section: "reloadable-plugin/ItemComparatorRegistryImpl/FabricFluidAPISupportPlugin/" done in 39.52 μs
[04:16:49] [Server thread/TRACE] [REI] [REICommonPlugin END] Reloading Section: "reloadable-plugin/ItemComparatorRegistryImpl/DefaultRuntimePlugin of DefaultRuntimePlugin [roughlyenoughitems]/"
[04:16:49] [Server thread/TRACE] [REI] [REICommonPlugin END] Reloading Section: "reloadable-plugin/ItemComparatorRegistryImpl/DefaultRuntimePlugin of DefaultRuntimePlugin [roughlyenoughitems]/" done in 41.90 μs
[04:16:49] [Server thread/TRACE] [REI] [REICommonPlugin END] Reloading Section: "reloadable-plugin/ItemComparatorRegistryImpl/" done in 430.9 μs
[04:16:49] [Server thread/TRACE] [REI] [REICommonPlugin END] Reloading Section: "reloadable-plugin/FluidComparatorRegistryImpl/"
[04:16:49] [Server thread/TRACE] [REI] [REICommonPlugin END] Reloading Section: "reloadable-plugin/FluidComparatorRegistryImpl/DefaultPlugin of DefaultPlugin [roughlyenoughitems]/"
[04:16:49] [Server thread/TRACE] [REI] [REICommonPlugin END] Reloading Section: "reloadable-plugin/FluidComparatorRegistryImpl/DefaultPlugin of DefaultPlugin [roughlyenoughitems]/" done in 42.02 μs
[04:16:49] [Server thread/TRACE] [REI] [REICommonPlugin END] Reloading Section: "reloadable-plugin/FluidComparatorRegistryImpl/FabricFluidAPISupportPlugin/"
[04:16:49] [Server thread/TRACE] [REI] [REICommonPlugin END] Reloading Section: "reloadable-plugin/FluidComparatorRegistryImpl/FabricFluidAPISupportPlugin/" done in 39.53 μs
[04:16:49] [Server thread/TRACE] [REI] [REICommonPlugin END] Reloading Section: "reloadable-plugin/FluidComparatorRegistryImpl/DefaultRuntimePlugin of DefaultRuntimePlugin [roughlyenoughitems]/"
[04:16:49] [Server thread/TRACE] [REI] [REICommonPlugin END] Reloading Section: "reloadable-plugin/FluidComparatorRegistryImpl/DefaultRuntimePlugin of DefaultRuntimePlugin [roughlyenoughitems]/" done in 38.89 μs
[04:16:49] [Server thread/TRACE] [REI] [REICommonPlugin END] Reloading Section: "reloadable-plugin/FluidComparatorRegistryImpl/" done in 392.2 μs
[04:16:49] [Server thread/TRACE] [REI] [REICommonPlugin END] Reloading Section: "reloadable-plugin/DisplaySerializerRegistryImpl/"
[04:16:49] [Server thread/TRACE] [REI] [REICommonPlugin END] Reloading Section: "reloadable-plugin/DisplaySerializerRegistryImpl/DefaultPlugin of DefaultPlugin [roughlyenoughitems]/"
[04:16:49] [Server thread/TRACE] [REI] [REICommonPlugin END] Reloading Section: "reloadable-plugin/DisplaySerializerRegistryImpl/DefaultPlugin of DefaultPlugin [roughlyenoughitems]/" done in 36.89 μs
[04:16:49] [Server thread/TRACE] [REI] [REICommonPlugin END] Reloading Section: "reloadable-plugin/DisplaySerializerRegistryImpl/FabricFluidAPISupportPlugin/"
[04:16:49] [Server thread/TRACE] [REI] [REICommonPlugin END] Reloading Section: "reloadable-plugin/DisplaySerializerRegistryImpl/FabricFluidAPISupportPlugin/" done in 43.43 μs
[04:16:49] [Server thread/TRACE] [REI] [REICommonPlugin END] Reloading Section: "reloadable-plugin/DisplaySerializerRegistryImpl/DefaultRuntimePlugin of DefaultRuntimePlugin [roughlyenoughitems]/"
[04:16:49] [Server thread/TRACE] [REI] [REICommonPlugin END] Reloading Section: "reloadable-plugin/DisplaySerializerRegistryImpl/DefaultRuntimePlugin of DefaultRuntimePlugin [roughlyenoughitems]/" done in 57.90 μs
[04:16:49] [Server thread/TRACE] [REI] [REICommonPlugin END] Reloading Section: "reloadable-plugin/DisplaySerializerRegistryImpl/" done in 410.0 μs
[04:16:49] [Server thread/TRACE] [REI] [REICommonPlugin END] Reloading Section: "reloadable-plugin/ServerDisplayRegistryImpl/"
[04:16:49] [Server thread/TRACE] [REI] [REICommonPlugin END] Reloading Section: "reloadable-plugin/ServerDisplayRegistryImpl/DefaultPlugin of DefaultPlugin [roughlyenoughitems]/"
[04:16:49] [Server thread/DEBUG] [REI] Added display filter: me.shedaniel.rei.api.common.registry.display.DisplayConsumer$RecipeManagerConsumer$RecipeFillerBuilder$$Lambda/0x00007bcde16c78d8@45d96966
[04:16:49] [Server thread/DEBUG] [REI] Added display filter: me.shedaniel.rei.api.common.registry.display.DisplayConsumer$RecipeManagerConsumer$RecipeFillerBuilder$$Lambda/0x00007bcde16c78d8@2f0920cc
[04:16:49] [Server thread/DEBUG] [REI] Added display filter: me.shedaniel.rei.api.common.registry.display.DisplayConsumer$RecipeManagerConsumer$RecipeFillerBuilder$$Lambda/0x00007bcde16c78d8@34a14f32
[04:16:49] [Server thread/DEBUG] [REI] Added display filter: me.shedaniel.rei.api.common.registry.display.DisplayConsumer$RecipeManagerConsumer$RecipeFillerBuilder$$Lambda/0x00007bcde16c78d8@5a194cb9
[04:16:49] [Server thread/DEBUG] [REI] Added display filter: me.shedaniel.rei.api.common.registry.display.DisplayConsumer$RecipeManagerConsumer$RecipeFillerBuilder$$Lambda/0x00007bcde16c78d8@328e2503
[04:16:49] [Server thread/DEBUG] [REI] Added display filter: me.shedaniel.rei.api.common.registry.display.DisplayConsumer$RecipeManagerConsumer$RecipeFillerBuilder$$Lambda/0x00007bcde16c78d8@1e8b43c4
[04:16:49] [Server thread/DEBUG] [REI] Added display filter: me.shedaniel.rei.api.common.registry.display.DisplayConsumer$RecipeManagerConsumer$RecipeFillerBuilder$$Lambda/0x00007bcde16c78d8@10509985
[04:16:49] [Server thread/DEBUG] [REI] Added display filter: me.shedaniel.rei.api.common.registry.display.DisplayConsumer$RecipeManagerConsumer$RecipeFillerBuilder$$Lambda/0x00007bcde16c9218@804ec1d
[04:16:49] [Server thread/DEBUG] [REI] Added display filter: me.shedaniel.rei.api.common.registry.display.DisplayConsumer$RecipeManagerConsumer$RecipeFillerBuilder$$Lambda/0x00007bcde16c9218@2a6baca
[04:16:49] [Server thread/DEBUG] [REI] Added display filter: me.shedaniel.rei.api.common.registry.display.DisplayConsumer$RecipeManagerConsumer$RecipeFillerBuilder$$Lambda/0x00007bcde16c9218@4388208e
[04:16:49] [Server thread/DEBUG] [REI] Added display filter: me.shedaniel.rei.api.common.registry.display.DisplayConsumer$RecipeManagerConsumer$RecipeFillerBuilder$$Lambda/0x00007bcde16c9218@39eb23c5
[04:16:49] [Server thread/DEBUG] [REI] Added display filter: me.shedaniel.rei.api.common.registry.display.DisplayConsumer$RecipeManagerConsumer$RecipeFillerBuilder$$Lambda/0x00007bcde16c9218@16a054e1
[04:16:49] [Server thread/DEBUG] [REI] Added display filter: me.shedaniel.rei.api.common.registry.display.DisplayConsumer$RecipeManagerConsumer$RecipeFillerBuilder$$Lambda/0x00007bcde16c9218@2167dc15
[04:16:49] [Server thread/DEBUG] [REI] Added display filter: me.shedaniel.rei.api.common.registry.display.DisplayConsumer$RecipeManagerConsumer$RecipeFillerBuilder$$Lambda/0x00007bcde16c9218@23e904e7
[04:16:49] [Server thread/DEBUG] [REI] Added display filter: me.shedaniel.rei.api.common.registry.display.DisplayConsumer$RecipeManagerConsumer$RecipeFillerBuilder$$Lambda/0x00007bcde16c9218@43fcfe54
[04:16:49] [Server thread/DEBUG] [REI] Added display filter: me.shedaniel.rei.api.common.registry.display.DisplayConsumer$RecipeManagerConsumer$RecipeFillerBuilder$$Lambda/0x00007bcde16c9218@576fbd96
[04:16:49] [Server thread/TRACE] [REI] [REICommonPlugin END] Reloading Section: "reloadable-plugin/ServerDisplayRegistryImpl/DefaultPlugin of DefaultPlugin [roughlyenoughitems]/" done in 4.404 ms
[04:16:49] [Server thread/TRACE] [REI] [REICommonPlugin END] Reloading Section: "reloadable-plugin/ServerDisplayRegistryImpl/FabricFluidAPISupportPlugin/"
[04:16:49] [Server thread/TRACE] [REI] [REICommonPlugin END] Reloading Section: "reloadable-plugin/ServerDisplayRegistryImpl/FabricFluidAPISupportPlugin/" done in 33.58 μs
[04:16:49] [Server thread/TRACE] [REI] [REICommonPlugin END] Reloading Section: "reloadable-plugin/ServerDisplayRegistryImpl/DefaultRuntimePlugin of DefaultRuntimePlugin [roughlyenoughitems]/"
[04:16:49] [Server thread/TRACE] [REI] [REICommonPlugin END] Reloading Section: "reloadable-plugin/ServerDisplayRegistryImpl/DefaultRuntimePlugin of DefaultRuntimePlugin [roughlyenoughitems]/" done in 27.56 μs
[04:16:49] [Server thread/TRACE] [REI] [REICommonPlugin END] Reloading Section: "reloadable-plugin/ServerDisplayRegistryImpl/" done in 4.716 ms
[04:16:49] [Server thread/TRACE] [REI] [REICommonPlugin END] Reloading Section: "reloadable-plugin/FluidSupportProviderImpl/"
[04:16:49] [Server thread/TRACE] [REI] [REICommonPlugin END] Reloading Section: "reloadable-plugin/FluidSupportProviderImpl/DefaultPlugin of DefaultPlugin [roughlyenoughitems]/"
[04:16:49] [Server thread/TRACE] [REI] [REICommonPlugin END] Reloading Section: "reloadable-plugin/FluidSupportProviderImpl/DefaultPlugin of DefaultPlugin [roughlyenoughitems]/" done in 58.85 μs
[04:16:49] [Server thread/TRACE] [REI] [REICommonPlugin END] Reloading Section: "reloadable-plugin/FluidSupportProviderImpl/FabricFluidAPISupportPlugin/"
[04:16:49] [Server thread/TRACE] [REI] [REICommonPlugin END] Reloading Section: "reloadable-plugin/FluidSupportProviderImpl/FabricFluidAPISupportPlugin/" done in 48.22 μs
[04:16:49] [Server thread/TRACE] [REI] [REICommonPlugin END] Reloading Section: "reloadable-plugin/FluidSupportProviderImpl/DefaultRuntimePlugin of DefaultRuntimePlugin [roughlyenoughitems]/"
[04:16:49] [Server thread/TRACE] [REI] [REICommonPlugin END] Reloading Section: "reloadable-plugin/FluidSupportProviderImpl/DefaultRuntimePlugin of DefaultRuntimePlugin [roughlyenoughitems]/" done in 27.44 μs
[04:16:49] [Server thread/TRACE] [REI] [REICommonPlugin END] Reloading Section: "reloadable-plugin/FluidSupportProviderImpl/" done in 358.8 μs
[04:16:49] [Server thread/DEBUG] [REI] ========================================
[04:16:49] [Server thread/DEBUG] [REI] REICommonPlugin ending main-reload for END.
[04:16:49] [Server thread/DEBUG] [REI] ========================================
[04:16:49] [Server thread/TRACE] [REI] [REICommonPlugin END] Reloading Section: "end-reload/"
[04:16:49] [Server thread/TRACE] [REI] [REICommonPlugin END] Reloading Section: "end-reload/SlotAccessorRegistryImpl/"
[04:16:49] [Server thread/DEBUG] [REI] Registered 2 slot accessor serializers
[04:16:49] [Server thread/TRACE] [REI] [REICommonPlugin END] Reloading Section: "end-reload/SlotAccessorRegistryImpl/" done in 88.02 μs
[04:16:49] [Server thread/TRACE] [REI] [REICommonPlugin END] Reloading Section: "end-reload/EntryTypeRegistryImpl/"
[04:16:49] [Server thread/TRACE] [REI] [REICommonPlugin END] Reloading Section: "end-reload/EntryTypeRegistryImpl/" done in 30.34 μs
[04:16:49] [Server thread/TRACE] [REI] [REICommonPlugin END] Reloading Section: "end-reload/EntrySettingsAdapterRegistryImpl/"
[04:16:49] [Server thread/TRACE] [REI] [REICommonPlugin END] Reloading Section: "end-reload/EntrySettingsAdapterRegistryImpl/" done in 17.91 μs
[04:16:49] [Server thread/TRACE] [REI] [REICommonPlugin END] Reloading Section: "end-reload/ItemComparatorRegistryImpl/"
[04:16:49] [Server thread/TRACE] [REI] [REICommonPlugin END] Reloading Section: "end-reload/ItemComparatorRegistryImpl/" done in 16.40 μs
[04:16:49] [Server thread/TRACE] [REI] [REICommonPlugin END] Reloading Section: "end-reload/FluidComparatorRegistryImpl/"
[04:16:49] [Server thread/TRACE] [REI] [REICommonPlugin END] Reloading Section: "end-reload/FluidComparatorRegistryImpl/" done in 16.17 μs
[04:16:49] [Server thread/TRACE] [REI] [REICommonPlugin END] Reloading Section: "end-reload/DisplaySerializerRegistryImpl/"
[04:16:49] [Server thread/TRACE] [REI] [REICommonPlugin END] Reloading Section: "end-reload/DisplaySerializerRegistryImpl/" done in 15.71 μs
[04:16:49] [Server thread/TRACE] [REI] [REICommonPlugin END] Reloading Section: "end-reload/ServerDisplayRegistryImpl/"
[04:16:49] [Server thread/DEBUG] [REI] Found preliminary 0 displays
[04:16:49] [Server thread/DEBUG] [REI] Filled 1868 displays from recipe manager in 54.80 ms
[04:16:49] [Server thread/TRACE] [REI] [REICommonPlugin END] Reloading Section: "end-reload/ServerDisplayRegistryImpl/" done in 55.06 ms
[04:16:49] [Server thread/TRACE] [REI] [REICommonPlugin END] Reloading Section: "end-reload/FluidSupportProviderImpl/"
[04:16:49] [Server thread/TRACE] [REI] [REICommonPlugin END] Reloading Section: "end-reload/FluidSupportProviderImpl/" done in 72.37 μs
[04:16:49] [Server thread/TRACE] [REI] [REICommonPlugin END] Reloading Section: "end-reload/" done in 55.78 ms
[04:16:49] [Server thread/DEBUG] [REI] ========================================
[04:16:49] [Server thread/DEBUG] [REI] REICommonPlugin ended main-reload for END in 69.23 ms.
[04:16:49] [Server thread/DEBUG] [REI] ========================================
[04:16:49] [Server thread/DEBUG] [REI] ========================================
[04:16:49] [Server thread/DEBUG] [REI] REICommonPlugin starting post-reload for END.
[04:16:49] [Server thread/DEBUG] [REI] Reloadables (8):
[04:16:49] [Server thread/DEBUG] [REI]  - SlotAccessorRegistryImpl
[04:16:49] [Server thread/DEBUG] [REI]  - EntryTypeRegistryImpl
[04:16:49] [Server thread/DEBUG] [REI]  - EntrySettingsAdapterRegistryImpl
[04:16:49] [Server thread/DEBUG] [REI]  - ItemComparatorRegistryImpl
[04:16:49] [Server thread/DEBUG] [REI]  - FluidComparatorRegistryImpl
[04:16:49] [Server thread/DEBUG] [REI]  - DisplaySerializerRegistryImpl
[04:16:49] [Server thread/DEBUG] [REI]  - ServerDisplayRegistryImpl
[04:16:49] [Server thread/DEBUG] [REI]  - FluidSupportProviderImpl
[04:16:49] [Server thread/DEBUG] [REI] Plugins (3):
[04:16:49] [Server thread/DEBUG] [REI]  - (-100.00) DefaultPlugin of DefaultPlugin [roughlyenoughitems]
[04:16:49] [Server thread/DEBUG] [REI]  - (0.00) FabricFluidAPISupportPlugin
[04:16:49] [Server thread/DEBUG] [REI]  - (0.00) DefaultRuntimePlugin of DefaultRuntimePlugin [roughlyenoughitems]
[04:16:49] [Server thread/DEBUG] [REI] ========================================
[04:16:49] [Server thread/TRACE] [REI] [REICommonPlugin END] Reloading Section: "post-register/"
[04:16:49] [Server thread/TRACE] [REI] [REICommonPlugin END] Reloading Section: "post-register/DefaultPlugin of DefaultPlugin [roughlyenoughitems]/"
[04:16:49] [Server thread/TRACE] [REI] [REICommonPlugin END] Reloading Section: "post-register/DefaultPlugin of DefaultPlugin [roughlyenoughitems]/" done in 27.44 μs
[04:16:49] [Server thread/TRACE] [REI] [REICommonPlugin END] Reloading Section: "post-register/FabricFluidAPISupportPlugin/"
[04:16:49] [Server thread/TRACE] [REI] [REICommonPlugin END] Reloading Section: "post-register/FabricFluidAPISupportPlugin/" done in 21.03 μs
[04:16:49] [Server thread/TRACE] [REI] [REICommonPlugin END] Reloading Section: "post-register/DefaultRuntimePlugin of DefaultRuntimePlugin [roughlyenoughitems]/"
[04:16:49] [Server thread/TRACE] [REI] [REICommonPlugin END] Reloading Section: "post-register/DefaultRuntimePlugin of DefaultRuntimePlugin [roughlyenoughitems]/" done in 21.09 μs
[04:16:49] [Server thread/TRACE] [REI] [REICommonPlugin END] Reloading Section: "post-register/" done in 275.3 μs
[04:16:49] [Server thread/TRACE] [REI] [REICommonPlugin END] Reloading Section: "post-stage/"
[04:16:49] [Server thread/TRACE] [REI] [REICommonPlugin END] Reloading Section: "post-stage/SlotAccessorRegistryImpl/"
[04:16:49] [Server thread/TRACE] [REI] [REICommonPlugin END] Reloading Section: "post-stage/SlotAccessorRegistryImpl/" done in 16.32 μs
[04:16:49] [Server thread/TRACE] [REI] [REICommonPlugin END] Reloading Section: "post-stage/EntryTypeRegistryImpl/"
[04:16:49] [Server thread/TRACE] [REI] [REICommonPlugin END] Reloading Section: "post-stage/EntryTypeRegistryImpl/" done in 19.09 μs
[04:16:49] [Server thread/TRACE] [REI] [REICommonPlugin END] Reloading Section: "post-stage/EntrySettingsAdapterRegistryImpl/"
[04:16:49] [Server thread/TRACE] [REI] [REICommonPlugin END] Reloading Section: "post-stage/EntrySettingsAdapterRegistryImpl/" done in 16.72 μs
[04:16:49] [Server thread/TRACE] [REI] [REICommonPlugin END] Reloading Section: "post-stage/ItemComparatorRegistryImpl/"
[04:16:49] [Server thread/TRACE] [REI] [REICommonPlugin END] Reloading Section: "post-stage/ItemComparatorRegistryImpl/" done in 16.32 μs
[04:16:49] [Server thread/TRACE] [REI] [REICommonPlugin END] Reloading Section: "post-stage/FluidComparatorRegistryImpl/"
[04:16:49] [Server thread/TRACE] [REI] [REICommonPlugin END] Reloading Section: "post-stage/FluidComparatorRegistryImpl/" done in 15.55 μs
[04:16:49] [Server thread/TRACE] [REI] [REICommonPlugin END] Reloading Section: "post-stage/DisplaySerializerRegistryImpl/"
[04:16:49] [Server thread/TRACE] [REI] [REICommonPlugin END] Reloading Section: "post-stage/DisplaySerializerRegistryImpl/" done in 15.79 μs
[04:16:49] [Server thread/TRACE] [REI] [REICommonPlugin END] Reloading Section: "post-stage/ServerDisplayRegistryImpl/"
[04:16:49] [Server thread/TRACE] [REI] [REICommonPlugin END] Reloading Section: "post-stage/ServerDisplayRegistryImpl/" done in 16.76 μs
[04:16:49] [Server thread/TRACE] [REI] [REICommonPlugin END] Reloading Section: "post-stage/FluidSupportProviderImpl/"
[04:16:49] [Server thread/TRACE] [REI] [REICommonPlugin END] Reloading Section: "post-stage/FluidSupportProviderImpl/" done in 22.69 μs
[04:16:49] [Server thread/TRACE] [REI] [REICommonPlugin END] Reloading Section: "post-stage/" done in 469.9 μs
[04:16:49] [Server thread/DEBUG] [REI] ========================================
[04:16:49] [Server thread/INFO] [REI] REICommonPlugin finished post-reload for END in 816.4 μs, totaling 71.81 ms.
[04:16:49] [Server thread/DEBUG] [REI] ========================================
[04:16:50] [Server thread/DEBUG] [REI] Updating players with new displays version 12E1B76B00000001 [from 12E1B76B00000000]
[04:17:10] [Server thread/DEBUG] [REI] Player SaidKiller__ has outdated displays version 0 [latest version: 12E1B76B00000001]
[04:17:10] [Server thread/DEBUG] [REI] Player SaidKiller__ has outdated displays version 0 [latest version: 12E1B76B00000001], sending reset packet request.
[04:19:09] [Server thread/DEBUG] [REI] Player klyo has outdated displays version 0 [latest version: 12E1B76B00000001]
[04:19:09] [Server thread/DEBUG] [REI] Player klyo has outdated displays version 0 [latest version: 12E1B76B00000001], sending reset packet request.
[04:19:15] [Server thread/DEBUG] [REI] Player klyo has outdated displays version 0 [latest version: 12E1B76B00000001]
[04:19:15] [Server thread/DEBUG] [REI] Player klyo has outdated displays version 0 [latest version: 12E1B76B00000001], sending reset packet request.
[04:19:20] [Server thread/DEBUG] [REI] Player klyo has outdated displays version 0 [latest version: 12E1B76B00000001]
[04:19:20] [Server thread/DEBUG] [REI] Player klyo has outdated displays version 0 [latest version: 12E1B76B00000001], sending reset packet request.
[04:20:02] [Server thread/DEBUG] [REI] Player klyo has outdated displays version 0 [latest version: 12E1B76B00000001]
[04:20:02] [Server thread/DEBUG] [REI] Player klyo has outdated displays version 0 [latest version: 12E1B76B00000001], sending reset packet request.
[04:20:54] [Server thread/DEBUG] [REI] Player klyo has outdated displays version 0 [latest version: 12E1B76B00000001]
[04:20:54] [Server thread/DEBUG] [REI] Player klyo has outdated displays version 0 [latest version: 12E1B76B00000001], sending reset packet request.
[04:21:17] [Server thread/DEBUG] [REI] Player klyo has outdated displays version 0 [latest version: 12E1B76B00000001]
[04:21:17] [Server thread/DEBUG] [REI] Player klyo has outdated displays version 0 [latest version: 12E1B76B00000001], sending reset packet request.
[04:22:31] [Server thread/DEBUG] [REI] Player klyo has outdated displays version 0 [latest version: 12E1B76B00000001]
[04:22:31] [Server thread/DEBUG] [REI] Player klyo has outdated displays version 0 [latest version: 12E1B76B00000001], sending reset packet request.
[04:25:15] [Server thread/DEBUG] [REI] Player klyo has outdated displays version 0 [latest version: 12E1B76B00000001]
[04:25:15] [Server thread/DEBUG] [REI] Player klyo has outdated displays version 0 [latest version: 12E1B76B00000001], sending reset packet request.
